This is LuaTeX, Version 1.10.0 (TeX Live 2019/Debian)  (format=lualatex 2020.2.12)  8 JUL 2020 11:39
 restricted system commands enabled.
**article.tex
(./article.tex
LaTeX2e <2018-12-01>
Lua module: luaotfload-main 2019-05-18 2.97 luaotfload entry point
Lua module: luaotfload-init 2019-05-18 2.97 luaotfload submodule / initializatio
n
Lua module: lualibs 2019-05-18 2.65 ConTeXt Lua standard libraries.
Lua module: lualibs-extended 2019-05-18 2.65 ConTeXt Lua libraries -- extended c
ollection.
Lua module: luaotfload-log 2019-05-18 2.97 luaotfload submodule / logging
Lua module: luaotfload-parsers 2019-05-18 2.97 luaotfload submodule / filelist
Lua module: luaotfload-configuration 2019-05-18 2.97 luaotfload submodule / conf
ig file reader
luaotfload | conf : Root cache directory is /home/maxime/.texlive2019/texmf-var/
luatex-cache/generic/names.
luaotfload | init : Loading fontloader “fontloader-2019-05-18.lua” from kpse
-resolved path “/usr/share/texlive/texmf-dist/tex/luatex/luaotfload/fontloader
-2019-05-18.lua”.
Lua-only attribute luaotfload@state = 2
Lua-only attribute luaotfload@noligature = 3
Lua-only attribute luaotfload@syllabe = 4
luaotfload | init : Context OpenType loader version “3.108”
Inserting `luaotfload.node_processor' at position 1 in `pre_linebreak_filter'.
Inserting `luaotfload.node_processor' at position 1 in `hpack_filter'.
Lua module: luaotfload-loaders 2019-05-18 2.97 luaotfload submodule / callback h
andling
Inserting `luaotfload.define_font' at position 1 in `define_font'.
Lua module: luaotfload-database 2019-05-18 2.97 luaotfload submodule / database
Lua module: luaotfload-colors 2019-05-18 2.97 luaotfload submodule / color
Lua-only attribute luaotfload_color_attribute = 5
Lua module: luaotfload-resolvers 2019-05-18 2.97 luaotfload submodule / resolver
s
luaotfload | conf : Root cache directory is /home/maxime/.texlive2019/texmf-var/
luatex-cache/generic/names.
Lua module: luaotfload-features 2019-05-18 2.97 luaotfload submodule / features
Lua module: luaotfload-letterspace 2019-05-18 2.97 luaotfload submodule / color
Lua module: luaotfload-auxiliary 2019-05-18 2.97 luaotfload submodule / auxiliar
y functions
Inserting `luaotfload.aux.set_sscale_dimens' at position 1 in `luaotfload.patch_
font'.
Inserting `luaotfload.aux.patch_cambria_domh' at position 2 in `luaotfload.patch
_font'.
Inserting `luaotfload.aux.fixup_fontdata' at position 1 in `luaotfload.patch_fon
t_unsafe'.
Inserting `luaotfload.aux.set_capheight' at position 3 in `luaotfload.patch_font
'.
Inserting `luaotfload.rewrite_fontname' at position 4 in `luaotfload.patch_font'
.
luaotfload | main : initialization completed in 0.042 seconds
(/usr/share/texlive/texmf-dist/tex/latex/koma-script/scrartcl.cls
Document Class: scrartcl 2019/02/01 v3.26b KOMA-Script document class (article)
(/usr/share/texlive/texmf-dist/tex/latex/koma-script/scrkbase.sty
Package: scrkbase 2019/02/01 v3.26b KOMA-Script package (KOMA-Script-dependent b
asics and keyval usage)

(/usr/share/texlive/texmf-dist/tex/latex/koma-script/scrbase.sty
Package: scrbase 2019/02/01 v3.26b KOMA-Script package (KOMA-Script-independent 
basics and keyval usage)

(/usr/share/texlive/texmf-dist/tex/latex/graphics/keyval.sty
Package: keyval 2014/10/28 v1.15 key=value parser (DPC)
\KV@toks@=\toks14
)
(/usr/share/texlive/texmf-dist/tex/latex/koma-script/scrlfile.sty
Package: scrlfile 2019/02/01 v3.26b KOMA-Script package (loading files)
)))
(/usr/share/texlive/texmf-dist/tex/latex/koma-script/tocbasic.sty
Package: tocbasic 2019/02/01 v3.26b KOMA-Script package (handling toc-files)
\scr@dte@tocline@numberwidth=\skip41
\scr@dte@tocline@numbox=\box27
)
Package tocbasic Info: omitting babel extension for `toc'
(tocbasic)             because of feature `nobabel' available
(tocbasic)             for `toc' on input line 134.
Class scrartcl Info: File `scrsize11pt.clo' used instead of
(scrartcl)           file `scrsize11.clo' to setup font sizes on input line 2162
.

(/usr/share/texlive/texmf-dist/tex/latex/koma-script/scrsize11pt.clo
File: scrsize11pt.clo 2019/02/01 v3.26b KOMA-Script font size class option (11pt
)
luaotfload | db : Font names database loaded from /home/maxime/.texlive2019/texm
f-var/luatex-cache/generic/names/luaotfload-names.luc)
(/usr/share/texlive/texmf-dist/tex/latex/koma-script/typearea.sty
Package: typearea 2019/02/01 v3.26b KOMA-Script package (type area)
\ta@bcor=\skip42
\ta@div=\count80
\ta@hblk=\skip43
\ta@vblk=\skip44
\ta@temp=\skip45
\footheight=\skip46
Package typearea Info: These are the values describing the layout:
(typearea)             DIV  = 10
(typearea)             BCOR = 0.0pt
(typearea)             \paperwidth      = 597.50793pt
(typearea)              \textwidth      = 418.25555pt
(typearea)              DIV departure   = -6%
(typearea)              \evensidemargin = 17.3562pt
(typearea)              \oddsidemargin  = 17.3562pt
(typearea)             \paperheight     = 845.04694pt
(typearea)              \textheight     = 595.80026pt
(typearea)              \topmargin      = -25.16531pt
(typearea)              \headheight     = 17.0pt
(typearea)              \headsep        = 20.40001pt
(typearea)              \topskip        = 11.0pt
(typearea)              \footskip       = 47.6pt
(typearea)              \baselineskip   = 13.6pt
(typearea)              on input line 1715.
)
\c@part=\count81
\c@section=\count82
\c@subsection=\count83
\c@subsubsection=\count84
\c@paragraph=\count85
\c@subparagraph=\count86
\scr@dte@section@maxnumwidth=\skip47
Class scrartcl Info: using compatibility default `runin=bysign'
(scrartcl)           for `\section on input line 4489.
Class scrartcl Info: using compatibility default `afterindent=bysign'
(scrartcl)           for `\section on input line 4489.
\scr@dte@part@maxnumwidth=\skip48
Class scrartcl Info: using compatibility default `afterindent=false'
(scrartcl)           for `\part on input line 4497.
\scr@dte@subsection@maxnumwidth=\skip49
Class scrartcl Info: using compatibility default `runin=bysign'
(scrartcl)           for `\subsection on input line 4507.
Class scrartcl Info: using compatibility default `afterindent=bysign'
(scrartcl)           for `\subsection on input line 4507.
\scr@dte@subsubsection@maxnumwidth=\skip50
Class scrartcl Info: using compatibility default `runin=bysign'
(scrartcl)           for `\subsubsection on input line 4517.
Class scrartcl Info: using compatibility default `afterindent=bysign'
(scrartcl)           for `\subsubsection on input line 4517.
\scr@dte@paragraph@maxnumwidth=\skip51
Class scrartcl Info: using compatibility default `runin=bysign'
(scrartcl)           for `\paragraph on input line 4527.
Class scrartcl Info: using compatibility default `afterindent=bysign'
(scrartcl)           for `\paragraph on input line 4527.
\scr@dte@subparagraph@maxnumwidth=\skip52
Class scrartcl Info: using compatibility default `runin=bysign'
(scrartcl)           for `\subparagraph on input line 4537.
Class scrartcl Info: using compatibility default `afterindent=bysign'
(scrartcl)           for `\subparagraph on input line 4537.
\abovecaptionskip=\skip53
\belowcaptionskip=\skip54
\c@pti@nb@sid@b@x=\box28
Package tocbasic Info: omitting babel extension for `lof'
(tocbasic)             because of feature `nobabel' available
(tocbasic)             for `lof' on input line 5781.
\scr@dte@figure@maxnumwidth=\skip55
\c@figure=\count87
Package tocbasic Info: omitting babel extension for `lot'
(tocbasic)             because of feature `nobabel' available
(tocbasic)             for `lot' on input line 5793.
\scr@dte@table@maxnumwidth=\skip56
\c@table=\count88
Class scrartcl Info: Redefining `\numberline' on input line 5957.
\bibindent=\dimen102
)
(/usr/share/texlive/texmf-dist/tex/latex/amsmath/amsmath.sty
Package: amsmath 2018/12/01 v2.17b AMS math features
\@mathmargin=\skip57

For additional information on amsmath, use the `?' option.
(/usr/share/texlive/texmf-dist/tex/latex/amsmath/amstext.sty
Package: amstext 2000/06/29 v2.01 AMS text

(/usr/share/texlive/texmf-dist/tex/latex/amsmath/amsgen.sty
File: amsgen.sty 1999/11/30 v2.0 generic functions
\@emptytoks=\toks15
\ex@=\dimen103
))
(/usr/share/texlive/texmf-dist/tex/latex/amsmath/amsbsy.sty
Package: amsbsy 1999/11/29 v1.2d Bold Symbols
\pmbraise@=\dimen104
)
(/usr/share/texlive/texmf-dist/tex/latex/amsmath/amsopn.sty
Package: amsopn 2016/03/08 v2.02 operator names
)
\inf@bad=\count89
LaTeX Info: Redefining \frac on input line 223.
\uproot@=\count90
\leftroot@=\count91
LaTeX Info: Redefining \overline on input line 385.
\classnum@=\count92
\DOTSCASE@=\count93
LaTeX Info: Redefining \ldots on input line 482.
LaTeX Info: Redefining \dots on input line 485.
LaTeX Info: Redefining \cdots on input line 606.
\Mathstrutbox@=\box29
\strutbox@=\box30
\big@size=\dimen105
LaTeX Font Info:    Redeclaring font encoding OML on input line 729.
LaTeX Font Info:    Redeclaring font encoding OMS on input line 730.
\macc@depth=\count94
\c@MaxMatrixCols=\count95
\dotsspace@=\muskip10
\c@parentequation=\count96
\dspbrk@lvl=\count97
\tag@help=\toks16
\row@=\count98
\column@=\count99
\maxfields@=\count100
\andhelp@=\toks17
\eqnshift@=\dimen106
\alignsep@=\dimen107
\tagshift@=\dimen108
\tagwidth@=\dimen109
\totwidth@=\dimen110
\lineht@=\dimen111
\@envbody=\toks18
\multlinegap=\skip58
\multlinetaggap=\skip59
\mathdisplay@stack=\toks19
LaTeX Info: Redefining \[ on input line 2844.
LaTeX Info: Redefining \] on input line 2845.
)
(/usr/share/texlive/texmf-dist/tex/latex/fontspec/fontspec.sty
(/usr/share/texlive/texmf-dist/tex/latex/l3packages/xparse/xparse.sty
(/usr/share/texlive/texmf-dist/tex/latex/l3kernel/expl3.sty
Package: expl3 2019-07-01 L3 programming layer (loader) 

(/usr/share/texlive/texmf-dist/tex/latex/l3kernel/expl3-code.tex
Package: expl3 2019-07-01 L3 programming layer (code)
\ucharcat@table=\catcodetable5
\c_max_int=\count101
\l_tmpa_int=\count102
\l_tmpb_int=\count103
\g_tmpa_int=\count104
\g_tmpb_int=\count105
\g__kernel_prg_map_int=\count106
\c__ior_term_ior=\count107
\c_log_iow=\count108
\l_iow_line_count_int=\count109
\l__iow_line_target_int=\count110
\l__iow_one_indent_int=\count111
\l__iow_indent_int=\count112
\c_zero_dim=\dimen112
\c_max_dim=\dimen113
\l_tmpa_dim=\dimen114
\l_tmpb_dim=\dimen115
\g_tmpa_dim=\dimen116
\g_tmpb_dim=\dimen117
\c_zero_skip=\skip60
\c_max_skip=\skip61
\l_tmpa_skip=\skip62
\l_tmpb_skip=\skip63
\g_tmpa_skip=\skip64
\g_tmpb_skip=\skip65
\c_zero_muskip=\muskip11
\c_max_muskip=\muskip12
\l_tmpa_muskip=\muskip13
\l_tmpb_muskip=\muskip14
\g_tmpa_muskip=\muskip15
\g_tmpb_muskip=\muskip16
\l_keys_choice_int=\count113
\l__intarray_loop_int=\count114
\c__intarray_sp_dim=\dimen118
\g__intarray_font_int=\count115
\c__fp_leading_shift_int=\count116
\c__fp_middle_shift_int=\count117
\c__fp_trailing_shift_int=\count118
\c__fp_big_leading_shift_int=\count119
\c__fp_big_middle_shift_int=\count120
\c__fp_big_trailing_shift_int=\count121
\c__fp_Bigg_leading_shift_int=\count122
\c__fp_Bigg_middle_shift_int=\count123
\c__fp_Bigg_trailing_shift_int=\count124
\g__fp_array_int=\count125
\l__fp_array_loop_int=\count126
\l__sort_length_int=\count127
\l__sort_min_int=\count128
\l__sort_top_int=\count129
\l__sort_max_int=\count130
\l__sort_true_max_int=\count131
\l__sort_block_int=\count132
\l__sort_begin_int=\count133
\l__sort_end_int=\count134
\l__sort_A_int=\count135
\l__sort_B_int=\count136
\l__sort_C_int=\count137
\l__str_internal_int=\count138
\l__tl_analysis_normal_int=\count139
\l__tl_analysis_index_int=\count140
\l__tl_analysis_nesting_int=\count141
\l__tl_analysis_type_int=\count142
\l__regex_internal_a_int=\count143
\l__regex_internal_b_int=\count144
\l__regex_internal_c_int=\count145
\l__regex_balance_int=\count146
\l__regex_group_level_int=\count147
\l__regex_mode_int=\count148
\c__regex_cs_in_class_mode_int=\count149
\c__regex_cs_mode_int=\count150
\l__regex_catcodes_int=\count151
\l__regex_default_catcodes_int=\count152
\c__regex_catcode_L_int=\count153
\c__regex_catcode_O_int=\count154
\c__regex_catcode_A_int=\count155
\c__regex_all_catcodes_int=\count156
\l__regex_show_lines_int=\count157
\l__regex_min_state_int=\count158
\l__regex_max_state_int=\count159
\l__regex_left_state_int=\count160
\l__regex_right_state_int=\count161
\l__regex_capturing_group_int=\count162
\l__regex_min_pos_int=\count163
\l__regex_max_pos_int=\count164
\l__regex_curr_pos_int=\count165
\l__regex_start_pos_int=\count166
\l__regex_success_pos_int=\count167
\l__regex_curr_char_int=\count168
\l__regex_curr_catcode_int=\count169
\l__regex_last_char_int=\count170
\l__regex_case_changed_char_int=\count171
\l__regex_curr_state_int=\count172
\l__regex_step_int=\count173
\l__regex_min_active_int=\count174
\l__regex_max_active_int=\count175
\l__regex_replacement_csnames_int=\count176
\l__regex_match_count_int=\count177
\l__regex_min_submatch_int=\count178
\l__regex_submatch_int=\count179
\l__regex_zeroth_submatch_int=\count180
\g__regex_trace_regex_int=\count181
\c_empty_box=\box31
\l_tmpa_box=\box32
\l_tmpb_box=\box33
\g_tmpa_box=\box34
\g_tmpb_box=\box35
\l__box_top_dim=\dimen119
\l__box_bottom_dim=\dimen120
\l__box_left_dim=\dimen121
\l__box_right_dim=\dimen122
\l__box_top_new_dim=\dimen123
\l__box_bottom_new_dim=\dimen124
\l__box_left_new_dim=\dimen125
\l__box_right_new_dim=\dimen126
\l__box_internal_box=\box36
\l__coffin_internal_box=\box37
\l__coffin_internal_dim=\dimen127
\l__coffin_offset_x_dim=\dimen128
\l__coffin_offset_y_dim=\dimen129
\l__coffin_x_dim=\dimen130
\l__coffin_y_dim=\dimen131
\l__coffin_x_prime_dim=\dimen132
\l__coffin_y_prime_dim=\dimen133
\c_empty_coffin=\box38
\l__coffin_aligned_coffin=\box39
\l__coffin_aligned_internal_coffin=\box40
\l_tmpa_coffin=\box41
\l_tmpb_coffin=\box42
\g_tmpa_coffin=\box43
\g_tmpb_coffin=\box44
\l__coffin_bounding_shift_dim=\dimen134
\l__coffin_left_corner_dim=\dimen135
\l__coffin_right_corner_dim=\dimen136
\l__coffin_bottom_corner_dim=\dimen137
\l__coffin_top_corner_dim=\dimen138
\l__coffin_scaled_total_height_dim=\dimen139
\l__coffin_scaled_width_dim=\dimen140
\c__coffin_empty_coffin=\box45
\l__coffin_display_coffin=\box46
\l__coffin_display_coord_coffin=\box47
\l__coffin_display_pole_coffin=\box48
\l__coffin_display_offset_dim=\dimen141
\l__coffin_display_x_dim=\dimen142
\l__coffin_display_y_dim=\dimen143
\g__file_internal_ior=\read1
\l__seq_internal_a_int=\count182
\l__seq_internal_b_int=\count183
\c__deprecation_minus_one=\count184
)
(/usr/share/texlive/texmf-dist/tex/latex/l3backend/l3backend-pdfmode.def
File: l3backend-pdfmode.def 2019-04-06 v L3 Experimental backend support: PDF mo
de
\l__kernel_color_stack_int=\count185
\l__pdf_internal_box=\box49
))
Package: xparse 2019-05-28 L3 Experimental document command parser
\l__xparse_current_arg_int=\count186
\g__xparse_grabber_int=\count187
\l__xparse_m_args_int=\count188
\l__xparse_v_nesting_int=\count189
)
Package: fontspec 2019/03/15 v2.7c Font selection for XeLaTeX and LuaLaTeX
Lua module: fontspec 2019/03/15 2.7c Font selection for XeLaTeX and LuaLaTeX
(/usr/share/texlive/texmf-dist/tex/latex/fontspec/fontspec-luatex.sty
Package: fontspec-luatex 2019/03/15 v2.7c Font selection for XeLaTeX and LuaLaTe
X
\l__fontspec_script_int=\count190
\l__fontspec_language_int=\count191
\l__fontspec_strnum_int=\count192
\l__fontspec_tmp_int=\count193
\l__fontspec_tmpa_int=\count194
\l__fontspec_tmpb_int=\count195
\l__fontspec_tmpc_int=\count196
\l__fontspec_em_int=\count197
\l__fontspec_emdef_int=\count198
\l__fontspec_strong_int=\count199
\l__fontspec_strongdef_int=\count266
\l__fontspec_tmpa_dim=\dimen144
\l__fontspec_tmpb_dim=\dimen145
\l__fontspec_tmpc_dim=\dimen146

(/usr/share/texlive/texmf-dist/tex/latex/base/fontenc.sty
Package: fontenc 2018/08/11 v2.0j Standard LaTeX package

(/usr/share/texlive/texmf-dist/tex/latex/base/tuenc.def
File: tuenc.def 2018/08/11 v2.0j Standard LaTeX file
LaTeX Font Info:    Redeclaring font encoding TU on input line 82.
))
(/usr/share/texlive/texmf-dist/tex/latex/fontspec/fontspec.cfg)
LaTeX Info: Redefining \itshape on input line 3783.
LaTeX Info: Redefining \slshape on input line 3788.
LaTeX Info: Redefining \scshape on input line 3793.
LaTeX Info: Redefining \upshape on input line 3798.
LaTeX Info: Redefining \em on input line 3828.
LaTeX Info: Redefining \emph on input line 3853.
))
(/usr/share/texlive/texmf-dist/tex/latex/unicode-math/unicode-math.sty
Package: unicode-math 2019/03/04 v0.8o Unicode maths in XeLaTeX and LuaLaTeX

(/usr/share/texlive/texmf-dist/tex/latex/unicode-math/unicode-math-luatex.sty
Package: unicode-math-luatex 2019/03/04 v0.8o Unicode maths in XeLaTeX and LuaLa
TeX

(/usr/share/texlive/texmf-dist/tex/latex/l3packages/l3keys2e/l3keys2e.sty
Package: l3keys2e 2019-05-28 LaTeX2e option processing using LaTeX3 keys
)
(/usr/share/texlive/texmf-dist/tex/latex/filehook/filehook.sty
Package: filehook 2011/10/12 v0.5d Hooks for input files

(/usr/share/texlive/texmf-dist/tex/latex/filehook/filehook-scrlfile.sty
Package: filehook-scrlfile 2011/01/03 v0.1 filehook patch for scrlfile package
Package filehook Info: Package 'scrlfile' detected and compensated for on input 
line 102.
))
(/usr/share/texlive/texmf-dist/tex/latex/base/fix-cm.sty
Package: fix-cm 2015/01/14 v1.1t fixes to LaTeX

(/usr/share/texlive/texmf-dist/tex/latex/base/ts1enc.def
File: ts1enc.def 2001/06/05 v3.0e (jk/car/fm) Standard LaTeX file
))
(/usr/share/texlive/texmf-dist/tex/lualatex/lualatex-math/lualatex-math.sty
Package: lualatex-math 2019/01/21 v1.8 Patches for mathematics typesetting with 
LuaLaTeX

(/usr/share/texlive/texmf-dist/tex/latex/etoolbox/etoolbox.sty
Package: etoolbox 2018/08/19 v2.5f e-TeX tools for LaTeX (JAW)
\etb@tempcnta=\count267
)
Lua module: lualatex-math 2013/08/03 1.3 Patches for mathematics typesetting wit
h LuaLaTeX

Package lualatex-math Info: I'm going to patch macro \subarray.


Package lualatex-math Info: I'm going to patch macro \frac .


Package lualatex-math Info: I'm going to patch macro \genfrac .

)
\g__um_fam_int=\count268
\g__um_fonts_used_int=\count269
\l__um_primecount_int=\count270
\g__um_primekern_muskip=\muskip17

(/usr/share/texlive/texmf-dist/tex/latex/unicode-math/unicode-math-table.tex)

Package unicode-math Info: I'm going to patch macro \plainroot@.


Package unicode-math Info: I'm going to patch macro \r@@t.

)) (/usr/share/texlive/texmf-dist/tex/latex/xcolor/xcolor.sty
Package: xcolor 2016/05/11 v2.12 LaTeX color extensions (UK)

(/usr/share/texlive/texmf-dist/tex/latex/graphics-cfg/color.cfg
File: color.cfg 2016/01/02 v1.6 sample color configuration
)
Package xcolor Info: Driver file: luatex.def on input line 225.

(/usr/share/texlive/texmf-dist/tex/latex/graphics-def/luatex.def
File: luatex.def 2018/01/08 v1.0l Graphics/color driver for luatex
)
Package xcolor Info: Model `cmy' substituted by `cmy0' on input line 1348.
Package xcolor Info: Model `hsb' substituted by `rgb' on input line 1352.
Package xcolor Info: Model `RGB' extended on input line 1364.
Package xcolor Info: Model `HTML' substituted by `rgb' on input line 1366.
Package xcolor Info: Model `Hsb' substituted by `hsb' on input line 1367.
Package xcolor Info: Model `tHsb' substituted by `hsb' on input line 1368.
Package xcolor Info: Model `HSB' substituted by `hsb' on input line 1369.
Package xcolor Info: Model `Gray' substituted by `gray' on input line 1370.
Package xcolor Info: Model `wave' substituted by `hsb' on input line 1371.
)
(/usr/share/texlive/texmf-dist/tex/latex/oberdiek/pdfcolmk.sty
Package: pdfcolmk 2016/05/16 v1.3 Color support for pdfTeX via marks (HO)


Package pdfcolmk Warning: Nothing to fix, because `pdftex.def' not loaded.

) (/usr/share/texlive/texmf-dist/tex/latex/tools/array.sty
Package: array 2018/12/30 v2.4k Tabular extension package (FMi)
\col@sep=\dimen147
\ar@mcellbox=\box50
\extrarowheight=\dimen148
\NC@list=\toks20
\extratabsurround=\skip66
\backup@length=\skip67
\ar@cellbox=\box51
)
(/usr/share/texlive/texmf-dist/tex/latex/float/float.sty
Package: float 2001/11/08 v1.3d Float enhancements (AL)
\c@float@type=\count271
\float@exts=\toks21
\float@box=\box52
\@float@everytoks=\toks22
\@floatcapt=\box53
)
(/usr/share/texlive/texmf-dist/tex/latex/booktabs/booktabs.sty
Package: booktabs 2016/04/27 v1.618033 publication quality tables
\heavyrulewidth=\dimen149
\lightrulewidth=\dimen150
\cmidrulewidth=\dimen151
\belowrulesep=\dimen152
\belowbottomsep=\dimen153
\aboverulesep=\dimen154
\abovetopsep=\dimen155
\cmidrulesep=\dimen156
\cmidrulekern=\dimen157
\defaultaddspace=\dimen158
\@cmidla=\count272
\@cmidlb=\count273
\@aboverulesep=\dimen159
\@belowrulesep=\dimen160
\@thisruleclass=\count274
\@lastruleclass=\count275
\@thisrulewidth=\dimen161
)
(/usr/share/texlive/texmf-dist/tex/latex/multirow/multirow.sty
Package: multirow 2019/05/31 v2.5 Span multiple rows of a table
\multirow@colwidth=\skip68
\multirow@cntb=\count276
\multirow@dima=\skip69
\bigstrutjot=\dimen162
)
(/usr/share/texlive/texmf-dist/tex/latex/graphics/graphicx.sty
Package: graphicx 2017/06/01 v1.1a Enhanced LaTeX Graphics (DPC,SPQR)

(/usr/share/texlive/texmf-dist/tex/latex/graphics/graphics.sty
Package: graphics 2017/06/25 v1.2c Standard LaTeX Graphics (DPC,SPQR)

(/usr/share/texlive/texmf-dist/tex/latex/graphics/trig.sty
Package: trig 2016/01/03 v1.10 sin cos tan (DPC)
)
(/usr/share/texlive/texmf-dist/tex/latex/graphics-cfg/graphics.cfg
File: graphics.cfg 2016/06/04 v1.11 sample graphics configuration
)
Package graphics Info: Driver file: luatex.def on input line 99.
)
\Gin@req@height=\dimen163
\Gin@req@width=\dimen164
)
(/usr/share/texlive/texmf-dist/tex/latex/setspace/setspace.sty
Package: setspace 2011/12/19 v6.7a set line spacing
)
(/usr/share/texlive/texmf-dist/tex/latex/natbib/natbib.sty
Package: natbib 2010/09/13 8.31b (PWD, AO)
\bibhang=\skip70
\bibsep=\skip71
LaTeX Info: Redefining \cite on input line 694.
\c@NAT@ctr=\count277
)
(/usr/share/texlive/texmf-dist/tex/generic/ulem/ulem.sty
\UL@box=\box54
\UL@hyphenbox=\box55
\UL@skip=\skip72
\UL@hook=\toks23
\UL@height=\dimen165
\UL@pe=\count278
\UL@pixel=\dimen166
\ULC@box=\box56
Package: ulem 2012/05/18
\ULdepth=\dimen167
)
(/usr/share/texlive/texmf-dist/tex/latex/lineno/lineno.sty
Package: lineno 2005/11/02 line numbers on paragraphs v4.41
\linenopenalty=\count279
\output=\toks24
\linenoprevgraf=\count280
\linenumbersep=\dimen168
\linenumberwidth=\dimen169
\c@linenumber=\count281
\c@pagewiselinenumber=\count282
\c@LN@truepage=\count283
\c@internallinenumber=\count284
\c@internallinenumbers=\count285
\quotelinenumbersep=\dimen170
\bframerule=\dimen171
\bframesep=\dimen172
\bframebox=\box57
LaTeX Info: Redefining \\ on input line 3056.
)
(/usr/share/texlive/texmf-dist/tex/latex/hyperref/hyperref.sty
Package: hyperref 2018/11/30 v6.88e Hypertext links for LaTeX

(/usr/share/texlive/texmf-dist/tex/generic/oberdiek/hobsub-hyperref.sty
Package: hobsub-hyperref 2016/05/16 v1.14 Bundle oberdiek, subset hyperref (HO)

(/usr/share/texlive/texmf-dist/tex/generic/oberdiek/hobsub-generic.sty
Package: hobsub-generic 2016/05/16 v1.14 Bundle oberdiek, subset generic (HO)
Package: hobsub 2016/05/16 v1.14 Construct package bundles (HO)
Package: infwarerr 2016/05/16 v1.4 Providing info/warning/error messages (HO)
Package: ltxcmds 2016/05/16 v1.23 LaTeX kernel commands for general use (HO)
Package: ifluatex 2016/05/16 v1.4 Provides the ifluatex switch (HO)
Package ifluatex Info: LuaTeX detected.
Package: ifvtex 2016/05/16 v1.6 Detect VTeX and its facilities (HO)
Package ifvtex Info: VTeX not detected.
Package: intcalc 2016/05/16 v1.2 Expandable calculations with integers (HO)
Package: ifpdf 2018/09/07 v3.3 Provides the ifpdf switch
Package: etexcmds 2016/05/16 v1.6 Avoid name clashes with e-TeX commands (HO)
Package: kvsetkeys 2016/05/16 v1.17 Key value parser (HO)
Package: kvdefinekeys 2016/05/16 v1.4 Define keys (HO)
Package: luatex-loader 2016/05/16 v0.6 Lua module loader (HO)

(/usr/share/texlive/texmf-dist/scripts/oberdiek/oberdiek.luatex.lua)
Package: pdftexcmds 2018/09/10 v0.29 Utility functions of pdfTeX for LuaTeX (HO)

Package pdftexcmds Info: \pdf@primitive is available.
Package pdftexcmds Info: \pdf@ifprimitive is available.
Package pdftexcmds Info: \pdfdraftmode found.
\pdftexcmds@toks=\toks25
Package: pdfescape 2016/05/16 v1.14 Implements pdfTeX's escape features (HO)
Package: bigintcalc 2016/05/16 v1.4 Expandable calculations on big integers (HO)

Package: bitset 2016/05/16 v1.2 Handle bit-vector datatype (HO)
Package: uniquecounter 2016/05/16 v1.3 Provide unlimited unique counter (HO)
)
Package hobsub Info: Skipping package `hobsub' (already loaded).
Package: letltxmacro 2016/05/16 v1.5 Let assignment for LaTeX macros (HO)
Package: hopatch 2016/05/16 v1.3 Wrapper for package hooks (HO)
Package: xcolor-patch 2016/05/16 xcolor patch
Package: atveryend 2016/05/16 v1.9 Hooks at the very end of document (HO)
Package: atbegshi 2016/06/09 v1.18 At begin shipout hook (HO)
Package: refcount 2016/05/16 v3.5 Data extraction from label references (HO)
Package: hycolor 2016/05/16 v1.8 Color options for hyperref/bookmark (HO)
)
(/usr/share/texlive/texmf-dist/tex/generic/ifxetex/ifxetex.sty
Package: ifxetex 2010/09/12 v0.6 Provides ifxetex conditional
)
(/usr/share/texlive/texmf-dist/tex/latex/oberdiek/auxhook.sty
Package: auxhook 2016/05/16 v1.4 Hooks for auxiliary files (HO)
)
(/usr/share/texlive/texmf-dist/tex/latex/oberdiek/kvoptions.sty
Package: kvoptions 2016/05/16 v3.12 Key value format for package options (HO)
)
\@linkdim=\dimen173
\Hy@linkcounter=\count286
\Hy@pagecounter=\count287

(/usr/share/texlive/texmf-dist/tex/latex/hyperref/pd1enc.def
File: pd1enc.def 2018/11/30 v6.88e Hyperref: PDFDocEncoding definition (HO)
)
\Hy@SavedSpaceFactor=\count288

(/usr/share/texlive/texmf-dist/tex/latex/latexconfig/hyperref.cfg
File: hyperref.cfg 2002/06/06 v1.2 hyperref configuration of TeXLive
)
Package hyperref Info: Hyper figures OFF on input line 4519.
Package hyperref Info: Link nesting OFF on input line 4524.
Package hyperref Info: Hyper index ON on input line 4527.
Package hyperref Info: Plain pages OFF on input line 4534.
Package hyperref Info: Backreferencing OFF on input line 4539.
Package hyperref Info: Implicit mode ON; LaTeX internals redefined.
Package hyperref Info: Bookmarks ON on input line 4772.
\c@Hy@tempcnt=\count289

(/usr/share/texlive/texmf-dist/tex/latex/url/url.sty
\Urlmuskip=\muskip18
Package: url 2013/09/16  ver 3.4  Verb mode for urls, etc.
)
LaTeX Info: Redefining \url on input line 5125.
\XeTeXLinkMargin=\dimen174
\Fld@menulength=\count290
\Field@Width=\dimen175
\Fld@charsize=\dimen176
Package hyperref Info: Hyper figures OFF on input line 6380.
Package hyperref Info: Link nesting OFF on input line 6385.
Package hyperref Info: Hyper index ON on input line 6388.
Package hyperref Info: backreferencing OFF on input line 6395.
Package hyperref Info: Link coloring OFF on input line 6400.
Package hyperref Info: Link coloring with OCG OFF on input line 6405.
Package hyperref Info: PDF/A mode OFF on input line 6410.
LaTeX Info: Redefining \ref on input line 6450.
LaTeX Info: Redefining \pageref on input line 6454.
\Hy@abspage=\count291
\c@Item=\count292
\c@Hfootnote=\count293
)
Package hyperref Info: Driver (autodetected): hluatex.

(/usr/share/texlive/texmf-dist/tex/latex/hyperref/hluatex.def
File: hluatex.def 2018/11/30 v6.88e Hyperref driver for luaTeX
\Fld@listcount=\count294
\c@bookmark@seq@number=\count295

(/usr/share/texlive/texmf-dist/tex/latex/oberdiek/rerunfilecheck.sty
Package: rerunfilecheck 2016/05/16 v1.8 Rerun checks for auxiliary files (HO)
Package uniquecounter Info: New unique counter `rerunfilecheck' on input line 28
2.
)
\Hy@SectionHShift=\skip73
)

Package fontspec Info: Font family 'STIX2Math(0)' created for font 'STIX2Math'
(fontspec)             with options
(fontspec)             [Renderer=Basic,BoldItalicFont={},ItalicFont={},SmallCaps
Font={},Script=Math,FontAdjustment={\__um_luatex_copy_fontdimens:
(fontspec)             },Extension={.otf},Path={STIX2fonts/},Scale={1.1}].
(fontspec)              
(fontspec)              This font family consists of the following NFSS
(fontspec)             series/shapes:
(fontspec)              
(fontspec)             - 'normal' (m/n) with NFSS spec.:
(fontspec)             <->s*[1.1]"[STIX2fonts/STIX2Math.otf]:mode=base;script=ma
th;language=DFLT;"
(fontspec)             - 'small caps'  (m/sc) with NFSS spec.: 
(fontspec)             and font adjustment code:
(fontspec)             \__um_luatex_copy_fontdimens: 

LaTeX Font Info:    Font shape `TU/STIX2Math(0)/m/n' will be
(Font)              scaled to size 12.04506pt on input line 42.

Package fontspec Info: Font family 'STIX2Math(1)' created for font 'STIX2Math'
(fontspec)             with options
(fontspec)             [Renderer=Basic,BoldItalicFont={},ItalicFont={},SmallCaps
Font={},Script=Math,SizeFeatures={{Size=9.3075-},{Size=6.84375-9.3075,Font=STIX2
Math,Style=MathScript},{Size=-6.84375,Font=STIX2Math,Style=MathScriptScript}},Fo
ntAdjustment={\__um_luatex_copy_fontdimens:
(fontspec)             },Extension={.otf},Path={STIX2fonts/},Scale={1.1}].
(fontspec)              
(fontspec)              This font family consists of the following NFSS
(fontspec)             series/shapes:
(fontspec)              
(fontspec)             - 'normal' (m/n) with NFSS spec.:
(fontspec)             <9.3075->s*[1.1]"[STIX2fonts/STIX2Math.otf]:mode=base;scr
ipt=math;language=DFLT;"<6.84375-9.3075>s*[1.1]"[STIX2fonts/STIX2Math.otf]:mode=
base;script=math;language=DFLT;+ssty=0;"<-6.84375>s*[1.1]"[STIX2fonts/STIX2Math.
otf]:mode=base;script=math;language=DFLT;+ssty=1;"
(fontspec)             - 'small caps'  (m/sc) with NFSS spec.: 
(fontspec)             and font adjustment code:
(fontspec)             \__um_luatex_copy_fontdimens: 

LaTeX Font Info:    Font shape `TU/STIX2Math(1)/m/n' will be
(Font)              scaled to size 12.04506pt on input line 42.
LaTeX Font Info:    Encoding `OT1' has changed to `TU' for symbol font
(Font)              `operators' in the math version `normal' on input line 42.
LaTeX Font Info:    Overwriting symbol font `operators' in version `normal'
(Font)                  OT1/cmr/m/n --> TU/STIX2Math(1)/m/n on input line 42.
LaTeX Font Info:    Encoding `OT1' has changed to `TU' for symbol font
(Font)              `operators' in the math version `bold' on input line 42.
LaTeX Font Info:    Overwriting symbol font `operators' in version `bold'
(Font)                  OT1/cmr/bx/n --> TU/STIX2Math(1)/bx/n on input line 42.

Package fontspec Info: STIX2Math scale = 1.10011.


Package fontspec Info: STIX2Math scale = 1.10011.


Package fontspec Info: STIX2Math scale = 1.10011.


Package fontspec Info: STIX2Math scale = 1.10011.


Package fontspec Info: Font family 'STIX2Math(2)' created for font 'STIX2Math'
(fontspec)             with options
(fontspec)             [Renderer=Basic,BoldItalicFont={},ItalicFont={},SmallCaps
Font={},Script=Math,SizeFeatures={{Size=9.3075-},{Size=6.84375-9.3075,Font=STIX2
Math,Style=MathScript},{Size=-6.84375,Font=STIX2Math,Style=MathScriptScript}},Fo
ntAdjustment={\__um_luatex_copy_fontdimens:
(fontspec)             },Extension={.otf},Path={STIX2fonts/},Scale={1.1},ScaleAg
ain=1.0001,FontAdjustment={\fontdimen
(fontspec)             8\font =7.70883pt\relax \fontdimen 9\font
(fontspec)             =7.04636pt\relax \fontdimen 10\font =5.66116pt\relax
(fontspec)             \fontdimen 11\font =7.70883pt\relax \fontdimen 12\font
(fontspec)             =7.04636pt\relax \fontdimen 13\font =4.33621pt\relax
(fontspec)             \fontdimen 14\font =4.33621pt\relax \fontdimen 15\font
(fontspec)             =3.03535pt\relax \fontdimen 16\font =2.52945pt\relax
(fontspec)             \fontdimen 17\font =2.52945pt\relax \fontdimen 18\font
(fontspec)             =2.77036pt\relax \fontdimen 19\font =1.9272pt\relax
(fontspec)             \fontdimen 22\font =3.10762pt\relax \fontdimen 20\font
(fontspec)             =0pt\relax \fontdimen 21\font =0pt\relax }].
(fontspec)              
(fontspec)              This font family consists of the following NFSS
(fontspec)             series/shapes:
(fontspec)              
(fontspec)             - 'normal' (m/n) with NFSS spec.:
(fontspec)             <9.3075->s*[1.10011]"[STIX2fonts/STIX2Math.otf]:mode=base
;script=math;language=DFLT;"<6.84375-9.3075>s*[1.10011]"[STIX2fonts/STIX2Math.ot
f]:mode=base;script=math;language=DFLT;+ssty=0;"<-6.84375>s*[1.10011]"[STIX2font
s/STIX2Math.otf]:mode=base;script=math;language=DFLT;+ssty=1;"
(fontspec)             - 'small caps'  (m/sc) with NFSS spec.: 
(fontspec)             and font adjustment code:
(fontspec)             \__um_luatex_copy_fontdimens: \fontdimen 8\font
(fontspec)             =7.70883pt\relax \fontdimen 9\font =7.04636pt\relax
(fontspec)             \fontdimen 10\font =5.66116pt\relax \fontdimen 11\font
(fontspec)             =7.70883pt\relax \fontdimen 12\font =7.04636pt\relax
(fontspec)             \fontdimen 13\font =4.33621pt\relax \fontdimen 14\font
(fontspec)             =4.33621pt\relax \fontdimen 15\font =3.03535pt\relax
(fontspec)             \fontdimen 16\font =2.52945pt\relax \fontdimen 17\font
(fontspec)             =2.52945pt\relax \fontdimen 18\font =2.77036pt\relax
(fontspec)             \fontdimen 19\font =1.9272pt\relax \fontdimen 22\font
(fontspec)             =3.10762pt\relax \fontdimen 20\font =0pt\relax
(fontspec)             \fontdimen 21\font =0pt\relax 

LaTeX Font Info:    Encoding `OMS' has changed to `TU' for symbol font
(Font)              `symbols' in the math version `normal' on input line 42.
LaTeX Font Info:    Overwriting symbol font `symbols' in version `normal'
(Font)                  OMS/cmsy/m/n --> TU/STIX2Math(2)/m/n on input line 42.
LaTeX Font Info:    Encoding `OMS' has changed to `TU' for symbol font
(Font)              `symbols' in the math version `bold' on input line 42.
LaTeX Font Info:    Overwriting symbol font `symbols' in version `bold'
(Font)                  OMS/cmsy/b/n --> TU/STIX2Math(2)/bx/n on input line 42.

Package fontspec Info: STIX2Math scale = 1.09989.


Package fontspec Info: STIX2Math scale = 1.09989.


Package fontspec Info: STIX2Math scale = 1.09989.


Package fontspec Info: STIX2Math scale = 1.09989.


Package fontspec Info: Font family 'STIX2Math(3)' created for font 'STIX2Math'
(fontspec)             with options
(fontspec)             [Renderer=Basic,BoldItalicFont={},ItalicFont={},SmallCaps
Font={},Script=Math,SizeFeatures={{Size=9.3075-},{Size=6.84375-9.3075,Font=STIX2
Math,Style=MathScript},{Size=-6.84375,Font=STIX2Math,Style=MathScriptScript}},Fo
ntAdjustment={\__um_luatex_copy_fontdimens:
(fontspec)             },Extension={.otf},Path={STIX2fonts/},Scale={1.1},ScaleAg
ain=0.9999,FontAdjustment={\fontdimen
(fontspec)             8\font =0.81906pt\relax \fontdimen 9\font
(fontspec)             =1.62607pt\relax \fontdimen 10\font =1.62607pt\relax
(fontspec)             \fontdimen 11\font =3.61351pt\relax \fontdimen 12\font
(fontspec)             =8.07018pt\relax \fontdimen 13\font =0pt\relax }].
(fontspec)              
(fontspec)              This font family consists of the following NFSS
(fontspec)             series/shapes:
(fontspec)              
(fontspec)             - 'normal' (m/n) with NFSS spec.:
(fontspec)             <9.3075->s*[1.09989]"[STIX2fonts/STIX2Math.otf]:mode=base
;script=math;language=DFLT;"<6.84375-9.3075>s*[1.09989]"[STIX2fonts/STIX2Math.ot
f]:mode=base;script=math;language=DFLT;+ssty=0;"<-6.84375>s*[1.09989]"[STIX2font
s/STIX2Math.otf]:mode=base;script=math;language=DFLT;+ssty=1;"
(fontspec)             - 'small caps'  (m/sc) with NFSS spec.: 
(fontspec)             and font adjustment code:
(fontspec)             \__um_luatex_copy_fontdimens: \fontdimen 8\font
(fontspec)             =0.81906pt\relax \fontdimen 9\font =1.62607pt\relax
(fontspec)             \fontdimen 10\font =1.62607pt\relax \fontdimen 11\font
(fontspec)             =3.61351pt\relax \fontdimen 12\font =8.07018pt\relax
(fontspec)             \fontdimen 13\font =0pt\relax 

LaTeX Font Info:    Encoding `OMX' has changed to `TU' for symbol font
(Font)              `largesymbols' in the math version `normal' on input line 42
.
LaTeX Font Info:    Overwriting symbol font `largesymbols' in version `normal'
(Font)                  OMX/cmex/m/n --> TU/STIX2Math(3)/m/n on input line 42.
LaTeX Font Info:    Encoding `OMX' has changed to `TU' for symbol font
(Font)              `largesymbols' in the math version `bold' on input line 42.
LaTeX Font Info:    Overwriting symbol font `largesymbols' in version `bold'
(Font)                  OMX/cmex/m/n --> TU/STIX2Math(3)/bx/n on input line 42.
LaTeX Font Info:    Font shape `TU/STIX2Math(1)/m/n' will be
(Font)              scaled to size 8.43153pt on input line 42.
LaTeX Font Info:    Font shape `TU/STIX2Math(1)/m/n' will be
(Font)              scaled to size 6.62479pt on input line 42.
LaTeX Font Info:    Font shape `TU/STIX2Math(2)/m/n' will be
(Font)              scaled to size 12.04622pt on input line 42.
LaTeX Font Info:    Font shape `TU/STIX2Math(2)/m/n' will be
(Font)              scaled to size 8.43236pt on input line 42.
LaTeX Font Info:    Font shape `TU/STIX2Math(2)/m/n' will be
(Font)              scaled to size 6.62543pt on input line 42.
LaTeX Font Info:    Font shape `TU/STIX2Math(3)/m/n' will be
(Font)              scaled to size 12.04372pt on input line 42.
LaTeX Font Info:    Font shape `TU/STIX2Math(3)/m/n' will be
(Font)              scaled to size 8.4306pt on input line 42.
LaTeX Font Info:    Font shape `TU/STIX2Math(3)/m/n' will be
(Font)              scaled to size 6.62405pt on input line 42.

Package fontspec Info: Font family 'STIX2Text(0)' created for font 'STIX2Text'
(fontspec)             with options
(fontspec)             [Ligatures=TeX,Extension={.otf},Path=STIX2fonts/,UprightF
ont={*-Regular},BoldFont={*-Bold},ItalicFont={*-Italic},BoldItalicFont={*-BoldIt
alic}].
(fontspec)              
(fontspec)              This font family consists of the following NFSS
(fontspec)             series/shapes:
(fontspec)              
(fontspec)             - 'normal' (m/n) with NFSS spec.:
(fontspec)             <->"[STIX2fonts/STIX2Text-Regular.otf]:mode=node;script=l
atn;language=DFLT;+tlig;"
(fontspec)             - 'small caps'  (m/sc) with NFSS spec.:
(fontspec)             <->"[STIX2fonts/STIX2Text-Regular.otf]:mode=node;script=l
atn;language=DFLT;+tlig;+smcp;"
(fontspec)             - 'bold' (bx/n) with NFSS spec.:
(fontspec)             <->"[STIX2fonts/STIX2Text-Bold.otf]:mode=node;script=latn
;language=DFLT;+tlig;"
(fontspec)             - 'bold small caps'  (bx/sc) with NFSS spec.:
(fontspec)             <->"[STIX2fonts/STIX2Text-Bold.otf]:mode=node;script=latn
;language=DFLT;+tlig;+smcp;"
(fontspec)             - 'italic' (m/it) with NFSS spec.:
(fontspec)             <->"[STIX2fonts/STIX2Text-Italic.otf]:mode=node;script=la
tn;language=DFLT;+tlig;"
(fontspec)             - 'italic small caps'  (m/itsc) with NFSS spec.:
(fontspec)             <->"[STIX2fonts/STIX2Text-Italic.otf]:mode=node;script=la
tn;language=DFLT;+tlig;+smcp;"
(fontspec)             - 'bold italic' (bx/it) with NFSS spec.:
(fontspec)             <->"[STIX2fonts/STIX2Text-BoldItalic.otf]:mode=node;scrip
t=latn;language=DFLT;+tlig;"
(fontspec)             - 'bold italic small caps'  (bx/itsc) with NFSS spec.:
(fontspec)             <->"[STIX2fonts/STIX2Text-BoldItalic.otf]:mode=node;scrip
t=latn;language=DFLT;+tlig;+smcp;"

LaTeX Info: Redefining \rmfamily on input line 49.

Package fontspec Info: Font family 'STIX2Text(1)' created for font 'STIX2Text'
(fontspec)             with options
(fontspec)             [Renderer=Basic,Extension={.otf},Path=STIX2fonts/,Upright
Font={*-Regular},BoldFont={*-Bold},ItalicFont={*-Italic},BoldItalicFont={*-BoldI
talic}].
(fontspec)              
(fontspec)              This font family consists of the following NFSS
(fontspec)             series/shapes:
(fontspec)              
(fontspec)             - 'normal' (m/n) with NFSS spec.:
(fontspec)             <->"[STIX2fonts/STIX2Text-Regular.otf]:mode=base;script=l
atn;language=DFLT;"
(fontspec)             - 'small caps'  (m/sc) with NFSS spec.:
(fontspec)             <->"[STIX2fonts/STIX2Text-Regular.otf]:mode=base;script=l
atn;language=DFLT;+smcp;"
(fontspec)             - 'bold' (bx/n) with NFSS spec.:
(fontspec)             <->"[STIX2fonts/STIX2Text-Bold.otf]:mode=base;script=latn
;language=DFLT;"
(fontspec)             - 'bold small caps'  (bx/sc) with NFSS spec.:
(fontspec)             <->"[STIX2fonts/STIX2Text-Bold.otf]:mode=base;script=latn
;language=DFLT;+smcp;"
(fontspec)             - 'italic' (m/it) with NFSS spec.:
(fontspec)             <->"[STIX2fonts/STIX2Text-Italic.otf]:mode=base;script=la
tn;language=DFLT;"
(fontspec)             - 'italic small caps'  (m/itsc) with NFSS spec.:
(fontspec)             <->"[STIX2fonts/STIX2Text-Italic.otf]:mode=base;script=la
tn;language=DFLT;+smcp;"
(fontspec)             - 'bold italic' (bx/it) with NFSS spec.:
(fontspec)             <->"[STIX2fonts/STIX2Text-BoldItalic.otf]:mode=base;scrip
t=latn;language=DFLT;"
(fontspec)             - 'bold italic small caps'  (bx/itsc) with NFSS spec.:
(fontspec)             <->"[STIX2fonts/STIX2Text-BoldItalic.otf]:mode=base;scrip
t=latn;language=DFLT;+smcp;"

LaTeX Font Info:    Overwriting math alphabet `\mathrm' in version `normal'
(Font)                  TU/STIX2Math(1)/m/n --> TU/STIX2Text(1)/m/n on input lin
e 49.
LaTeX Font Info:    Overwriting math alphabet `\mathit' in version `normal'
(Font)                  OT1/cmr/m/it --> TU/STIX2Text(1)/m/it on input line 49.
LaTeX Font Info:    Overwriting math alphabet `\mathbf' in version `normal'
(Font)                  OT1/cmr/bx/n --> TU/STIX2Text(1)/bx/n on input line 49.

(/usr/share/texlive/texmf-dist/tex/generic/babel/babel.sty
Package: babel 2019/06/03 3.32 The Babel package

(/usr/share/texlive/texmf-dist/tex/generic/babel/switch.def
File: switch.def 2019/06/03 3.32 Babel switching mechanism
)
(/usr/share/texlive/texmf-dist/tex/generic/babel/luababel.def
\l@dumylang=\language2
Package babel Info: Non-standard hyphenation setup on input line 114.
\l@nohyphenation=\language3
\l@swedish=\language4
\l@polish=\language5
\l@malayalam=\language6
\l@irish=\language7
\l@italian=\language8
\l@bengali=\language9
\l@welsh=\language10
\l@pali=\language11
\l@kannada=\language12
\l@sanskrit=\language13
\l@swissgerman=\language14
\l@hungarian=\language15
\l@marathi=\language16
\l@usenglishmax=\language17
\l@bulgarian=\language18
\l@kurmanji=\language19
\l@arabic=\language20
\l@basque=\language21
\l@croatian=\language22
\l@nynorsk=\language23
\l@panjabi=\language24
\l@latvian=\language25
\l@friulan=\language26
\l@czech=\language27
\l@oriya=\language28
\l@hindi=\language29
\l@lithuanian=\language30
\l@german=\language31
\l@ukrainian=\language32
\l@danish=\language33
\l@romansh=\language34
\l@turkmen=\language35
\l@dutch=\language36
\l@ngerman=\language37
\l@afrikaans=\language38
\l@spanish=\language39
\l@finnish=\language40
\l@indonesian=\language41
\l@latin=\language42
\l@occitan=\language43
\l@estonian=\language44
\l@belarusian=\language45
\l@gujarati=\language46
\l@greek=\language47
\l@liturgicallatin=\language48
\l@churchslavonic=\language49
\l@uppersorbian=\language50
\l@german-x-2019-04-04=\language51
\l@catalan=\language52
\l@mongolianlmc=\language53
\l@farsi=\language54
\l@turkish=\language55
\l@serbianc=\language56
\l@ancientgreek=\language57
\l@serbian=\language58
\l@esperanto=\language59
\l@slovak=\language60
\l@georgian=\language61
\l@thai=\language62
\l@icelandic=\language63
\l@slovenian=\language64
\l@armenian=\language65
\l@romanian=\language66
\l@ibycus=\language67
\l@ethiopic=\language68
\l@bokmal=\language69
\l@ngerman-x-2019-04-04=\language70
\l@portuguese=\language71
\l@telugu=\language72
\l@galician=\language73
\l@mongolian=\language74
\l@piedmontese=\language75
\l@interlingua=\language76
\l@russian=\language77
\l@assamese=\language78
\l@tamil=\language79
\l@coptic=\language80
\l@monogreek=\language81
\l@pinyin=\language82
\l@classiclatin=\language83
\l@ukenglish=\language84
\l@french=\language85
)
(/usr/share/texlive/texmf-dist/tex/generic/babel-english/english.ldf
Language: english 2017/06/06 v3.3r English support from the babel system

(/usr/share/texlive/texmf-dist/tex/generic/babel/babel.def
File: babel.def 2019/06/03 3.32 Babel common definitions
\babel@savecnt=\count296
\U@D=\dimen177

(/usr/share/texlive/texmf-dist/tex/generic/babel/luababel.def
\bbl@attr@locale=\attribute6
))
\l@canadian = a dialect from \language\l@american 
\l@australian = a dialect from \language\l@british 
\l@newzealand = a dialect from \language\l@british 
))
(./article.aux)
\openout1 = article.aux

LaTeX Font Info:    Checking defaults for OML/cmm/m/it on input line 54.
LaTeX Font Info:    ... okay on input line 54.
LaTeX Font Info:    Checking defaults for T1/cmr/m/n on input line 54.
LaTeX Font Info:    ... okay on input line 54.
LaTeX Font Info:    Checking defaults for OT1/cmr/m/n on input line 54.
LaTeX Font Info:    ... okay on input line 54.
LaTeX Font Info:    Checking defaults for OMS/cmsy/m/n on input line 54.
LaTeX Font Info:    ... okay on input line 54.
LaTeX Font Info:    Checking defaults for TU/lmr/m/n on input line 54.
LaTeX Font Info:    ... okay on input line 54.
LaTeX Font Info:    Checking defaults for OMX/cmex/m/n on input line 54.
LaTeX Font Info:    ... okay on input line 54.
LaTeX Font Info:    Checking defaults for U/cmr/m/n on input line 54.
LaTeX Font Info:    ... okay on input line 54.
LaTeX Font Info:    Checking defaults for TS1/cmr/m/n on input line 54.
LaTeX Font Info:    ... okay on input line 54.
LaTeX Font Info:    Checking defaults for PD1/pdf/m/n on input line 54.
LaTeX Font Info:    ... okay on input line 54.
LaTeX Font Info:    Overwriting math alphabet `\mathsf' in version `normal'
(Font)                  OT1/cmss/m/n --> TU/lmss/m/n on input line 54.
LaTeX Font Info:    Overwriting math alphabet `\mathsf' in version `bold'
(Font)                  OT1/cmss/bx/n --> TU/lmss/bx/n on input line 54.
LaTeX Font Info:    Overwriting math alphabet `\mathtt' in version `normal'
(Font)                  OT1/cmtt/m/n --> TU/lmtt/m/n on input line 54.
LaTeX Font Info:    Overwriting math alphabet `\mathtt' in version `bold'
(Font)                  OT1/cmtt/m/n --> TU/lmtt/bx/n on input line 54.

(/usr/share/texlive/texmf-dist/tex/context/base/mkii/supp-pdf.mkii
[Loading MPS to PDF converter (version 2006.09.02).]
\scratchcounter=\count297
\scratchdimen=\dimen178
\scratchbox=\box58
\nofMPsegments=\count298
\nofMParguments=\count299
\everyMPshowfont=\toks26
\MPscratchCnt=\count300
\MPscratchDim=\dimen179
\MPnumerator=\count301
\makeMPintoPDFobject=\count302
\everyMPtoPDFconversion=\toks27
) (/usr/share/texlive/texmf-dist/tex/latex/oberdiek/epstopdf-base.sty
Package: epstopdf-base 2016/05/15 v2.6 Base part for package epstopdf

(/usr/share/texlive/texmf-dist/tex/latex/oberdiek/grfext.sty
Package: grfext 2016/05/16 v1.2 Manage graphics extensions (HO)
)
Package epstopdf-base Info: Redefining graphics rule for `.eps' on input line 43
8.
Package grfext Info: Graphics extension search list:
(grfext)             [.pdf,.png,.jpg,.mps,.jpeg,.jbig2,.jb2,.PDF,.PNG,.JPG,.JPEG
,.JBIG2,.JB2,.eps]
(grfext)             \AppendGraphicsExtensions on input line 456.

(/usr/share/texlive/texmf-dist/tex/latex/latexconfig/epstopdf-sys.cfg
File: epstopdf-sys.cfg 2010/07/13 v1.3 Configuration of (r)epstopdf for TeX Live

))
\AtBeginShipoutBox=\box59
Package hyperref Info: Link coloring OFF on input line 54.

(/usr/share/texlive/texmf-dist/tex/latex/hyperref/nameref.sty
Package: nameref 2016/05/21 v2.44 Cross-referencing by name of section

(/usr/share/texlive/texmf-dist/tex/generic/oberdiek/gettitlestring.sty
Package: gettitlestring 2016/05/16 v1.5 Cleanup title references (HO)
)
\c@section@level=\count303
)
LaTeX Info: Redefining \ref on input line 54.
LaTeX Info: Redefining \pageref on input line 54.
LaTeX Info: Redefining \nameref on input line 54.

(./article.out) (./article.out)
\@outlinefile=\write3

\openout3 = article.out
Class scrartcl Info: loading recommended package `bookmark'.
(scrartcl)           Using `bookmark' together with `hyperref' is recommended,
(scrartcl)           because of handling of possible bookmark level gaps.
(scrartcl)           You can avoid loading `bookmark' with KOMA-Script option
(scrartcl)           `bookmarkpackage=false' before \begin{document} and
(scrartcl)           you can avoid this message with `\usepackage{bookmark}'
(scrartcl)           before \begin{document} on input line 54.

(/usr/share/texlive/texmf-dist/tex/latex/oberdiek/bookmark.sty
Package: bookmark 2016/05/17 v1.26 PDF bookmarks (HO)

(/usr/share/texlive/texmf-dist/tex/latex/oberdiek/bkm-pdftex.def
File: bkm-pdftex.def 2016/05/17 v1.26 bookmark driver for pdfTeX (HO)
Package auxhook Info: \AddLineBeginMainAux comes a little late,
(auxhook)             because the main .aux file is already opened on input line
 164.
\BKM@id=\count304
))
LaTeX Font Info:    Font shape `TU/STIX2Math(1)/m/n' will be
(Font)              scaled to size 15.84007pt on input line 61.
LaTeX Font Info:    Font shape `TU/STIX2Math(1)/m/n' will be
(Font)              scaled to size 11.00006pt on input line 61.
LaTeX Font Info:    Font shape `TU/STIX2Math(1)/m/n' will be
(Font)              scaled to size 7.70004pt on input line 61.
LaTeX Font Info:    Font shape `TU/STIX2Math(2)/m/n' will be
(Font)              scaled to size 15.84161pt on input line 61.
LaTeX Font Info:    Font shape `TU/STIX2Math(2)/m/n' will be
(Font)              scaled to size 11.00113pt on input line 61.
LaTeX Font Info:    Font shape `TU/STIX2Math(2)/m/n' will be
(Font)              scaled to size 7.70079pt on input line 61.
LaTeX Font Info:    Font shape `TU/STIX2Math(3)/m/n' will be
(Font)              scaled to size 15.83832pt on input line 61.
LaTeX Font Info:    Font shape `TU/STIX2Math(3)/m/n' will be
(Font)              scaled to size 10.99884pt on input line 61.
LaTeX Font Info:    Font shape `TU/STIX2Math(3)/m/n' will be
(Font)              scaled to size 7.69919pt on input line 61.
 [1


{/var/lib/texmf/fonts/map/pdftex/updmap/pdftex.map}]

Package natbib Warning: Citation `fetter2017contaminant' on page 2 undefined on 
input line 95.


Package natbib Warning: Citation `clavier2017modeling' on page 2 undefined on in
put line 96.


Package natbib Warning: Citation `Santos1991' on page 2 undefined on input line 
97.


Package natbib Warning: Citation `dullien2012porous' on page 2 undefined on inpu
t line 102.


Package natbib Warning: Citation `blunt2017multiphase' on page 2 undefined on in
put line 102.


Package natbib Warning: Citation `davit2018one' on page 2 undefined on input lin
e 109.

[2]
<figures/pdf/INTRODUCTION_fluidRepartitionSketch.pdf, id=23, 373.0657pt x 122.10
037pt>
File: figures/pdf/INTRODUCTION_fluidRepartitionSketch.pdf Graphic file (type pdf
)
<use figures/pdf/INTRODUCTION_fluidRepartitionSketch.pdf>
Package luatex.def Info: figures/pdf/INTRODUCTION_fluidRepartitionSketch.pdf  us
ed on input line 128.
(luatex.def)             Requested size: 373.06477pt x 122.10007pt.


Package natbib Warning: Citation `dullien2012porous' on page 3 undefined on inpu
t line 137.


Package natbib Warning: Citation `dullien2012porous' on page 3 undefined on inpu
t line 137.


Package natbib Warning: Citation `wyckoff1936flow' on page 3 undefined on input 
line 142.


Package natbib Warning: Citation `muskat1938flow' on page 3 undefined on input l
ine 142.


Package natbib Warning: Citation `dullien2012porous' on page 3 undefined on inpu
t line 146.


Package natbib Warning: Citation `blunt2017multiphase' on page 3 undefined on in
put line 146.


Package natbib Warning: Citation `brooks1964hydrau' on page 3 undefined on input
 line 148.


Package natbib Warning: Citation `van1980closed' on page 3 undefined on input li
ne 148.


Package natbib Warning: Citation `Li2005' on page 3 undefined on input line 150.



Package natbib Warning: Citation `Avraam1995' on page 3 undefined on input line 
151.


Package natbib Warning: Citation `yuster1951theoretical' on page 3 undefined on 
input line 151.


Package natbib Warning: Citation `ehrlich1993viscous' on page 3 undefined on inp
ut line 151.


Package natbib Warning: Citation `Yiotis2007' on page 3 undefined on input line 
151.


Package natbib Warning: Citation `MARLE1982643' on page 3 undefined on input lin
e 156.


Package natbib Warning: Citation `auriault1986remarques' on page 3 undefined on 
input line 156.


Package natbib Warning: Citation `Whitaker1986a' on page 3 undefined on input li
ne 156.


Package natbib Warning: Citation `Lasseux1996' on page 3 undefined on input line
 156.


Package natbib Warning: Citation `ayub1999interfacial' on page 3 undefined on in
put line 158.


Package natbib Warning: Citation `bacri1990modele' on page 3 undefined on input 
line 161.


Package natbib Warning: Citation `scott1953explanation' on page 3 undefined on i
nput line 164.


Package natbib Warning: Citation `rakotomalala1995viscous' on page 3 undefined o
n input line 164.


Package natbib Warning: Citation `zarcone1994determination' on page 3 undefined 
on input line 165.


Package natbib Warning: Citation `Dullien1996' on page 3 undefined on input line
 165.


Package natbib Warning: Citation `ramakrishnan2015measurement' on page 3 undefin
ed on input line 165.


Package natbib Warning: Citation `Rose1988' on page 3 undefined on input line 16
7.


Package natbib Warning: Citation `bourbiaux1990experimental' on page 3 undefined
 on input line 170.


Package natbib Warning: Citation `bentsen1993use' on page 3 undefined on input l
ine 170.


Package natbib Warning: Citation `clavier2017modeling' on page 3 undefined on in
put line 172.

[3<./figures/pdf/INTRODUCTION_fluidRepartitionSketch.pdf>]

Package natbib Warning: Citation `karadimitriou2012review' on page 4 undefined o
n input line 180.


Package natbib Warning: Citation `lenormand1988numerical' on page 4 undefined on
 input line 182.


Package natbib Warning: Citation `zhang2011influence' on page 4 undefined on inp
ut line 182.


Package natbib Warning: Citation `Avraam1995' on page 4 undefined on input line 
185.


Package natbib Warning: Citation `Heshmati2018' on page 4 undefined on input lin
e 186.


Package natbib Warning: Citation `Roman2019' on page 4 undefined on input line 1
86.


Package natbib Warning: Citation `Rothman1990' on page 4 undefined on input line
 187.


Package natbib Warning: Citation `saffman1958penetration' on page 4 undefined on
 input line 196.


Package natbib Warning: Citation `liu2019preferential' on page 4 undefined on in
put line 198.


Package natbib Warning: Citation `jackson2017stability' on page 4 undefined on i
nput line 200.

[4]
<figures/pdf/INTRODUCTION_littPerm.pdf, id=2383, 289.08pt x 216.81pt>
File: figures/pdf/INTRODUCTION_littPerm.pdf Graphic file (type pdf)
<use figures/pdf/INTRODUCTION_littPerm.pdf>
Package luatex.def Info: figures/pdf/INTRODUCTION_littPerm.pdf  used on input li
ne 210.
(luatex.def)             Requested size: 433.61893pt x 325.21419pt.

Overfull \hbox (15.36337pt too wide) in paragraph at lines 210--211
 [][] 
 []


Package natbib Warning: Citation `Dullien1996' on page 5 undefined on input line
 218.


Package natbib Warning: Citation `zarcone1994determination' on page 5 undefined 
on input line 218.


Package natbib Warning: Citation `Rothman1990' on page 5 undefined on input line
 218.


Package natbib Warning: Citation `Li2005' on page 5 undefined on input line 218.



Package natbib Warning: Citation `bacri1990modele' on page 5 undefined on input 
line 218.


Package natbib Warning: Citation `Dullien1996' on page 5 undefined on input line
 218.


Package natbib Warning: Citation `zarcone1994determination' on page 5 undefined 
on input line 218.


Package natbib Warning: Citation `Rothman1990' on page 5 undefined on input line
 218.


Package natbib Warning: Citation `Li2005' on page 5 undefined on input line 218.



Package natbib Warning: Citation `bacri1990modele' on page 5 undefined on input 
line 218.

<figures/pdf/THEORY_heleShawSystemSketch.pdf, id=2385, 272.29663pt x 218.00465pt
>
File: figures/pdf/THEORY_heleShawSystemSketch.pdf Graphic file (type pdf)
<use figures/pdf/THEORY_heleShawSystemSketch.pdf>
Package luatex.def Info: figures/pdf/THEORY_heleShawSystemSketch.pdf  used on in
put line 237.
(luatex.def)             Requested size: 272.29596pt x 218.0041pt.
[5] [6<./figures/pdf/INTRODUCTION_littPerm.pdf>] [7<./figures/pdf/THEORY_heleSha
wSystemSketch.pdf>]

Package natbib Warning: Citation `nagel2015boundary' on page 8 undefined on inpu
t line 296.


Package natbib Warning: Citation `park1984two' on page 8 undefined on input line
 301.

[8]

LaTeX Font Warning: Font shape `TU/STIX2Math(1)/bx/n' undefined
(Font)              using `TU/STIX2Math(1)/m/n' instead on input line 308.

LaTeX Font Info:    Font shape `TU/STIX2Math(1)/bx/n' will be
(Font)              scaled to size 8.43153pt on input line 308.
LaTeX Font Info:    Font shape `TU/STIX2Math(1)/bx/n' will be
(Font)              scaled to size 6.62479pt on input line 308.

LaTeX Font Warning: Font shape `TU/STIX2Math(2)/bx/n' undefined
(Font)              using `TU/STIX2Math(2)/m/n' instead on input line 308.

LaTeX Font Info:    Font shape `TU/STIX2Math(2)/bx/n' will be
(Font)              scaled to size 8.43236pt on input line 308.
LaTeX Font Info:    Font shape `TU/STIX2Math(2)/bx/n' will be
(Font)              scaled to size 6.62543pt on input line 308.

LaTeX Font Warning: Font shape `TU/STIX2Math(3)/bx/n' undefined
(Font)              using `TU/STIX2Math(3)/m/n' instead on input line 308.

LaTeX Font Info:    Font shape `TU/STIX2Math(3)/bx/n' will be
(Font)              scaled to size 8.4306pt on input line 308.
LaTeX Font Info:    Font shape `TU/STIX2Math(3)/bx/n' will be
(Font)              scaled to size 6.62405pt on input line 308.
LaTeX Font Info:    Font shape `TU/STIX2Math(1)/bx/n' will be
(Font)              scaled to size 12.04506pt on input line 308.
LaTeX Font Info:    Font shape `TU/STIX2Math(2)/bx/n' will be
(Font)              scaled to size 12.04622pt on input line 308.
LaTeX Font Info:    Font shape `TU/STIX2Math(3)/bx/n' will be
(Font)              scaled to size 12.04372pt on input line 308.

Package natbib Warning: Citation `park1984two' on page 9 undefined on input line
 319.


Package natbib Warning: Citation `park1984two' on page 9 undefined on input line
 321.


Package natbib Warning: Citation `Whitaker2013' on page 9 undefined on input lin
e 330.

[9]

Package natbib Warning: Citation `Whitaker2013' on page 10 undefined on input li
ne 348.

[10] [11]

Package natbib Warning: Citation `Olsson2007' on page 12 undefined on input line
 449.


Package natbib Warning: Citation `nagel2015boundary' on page 12 undefined on inp
ut line 453.

[12]
<figures/pdf/DNS_model.pdf, id=2665, 410.53746pt x 126.8795pt>
File: figures/pdf/DNS_model.pdf Graphic file (type pdf)
<use figures/pdf/DNS_model.pdf>
Package luatex.def Info: figures/pdf/DNS_model.pdf  used on input line 528.
(luatex.def)             Requested size: 410.53645pt x 126.87918pt.

Overfull \hbox (0.84094pt too wide) in paragraph at lines 575--587
[][]\TU/lmss/bx/n/10.95 Mesh con-ver-gence study[][] \TU/STIX2Text(0)/m/n/10.95
 Here, we study the mesh con-ver-gence of the var-i-ous drag forces.
 []

[13] [14<./figures/pdf/DNS_model.pdf>]
<figures/pdf/DNS_meshConv.pdf, id=2702, 289.08pt x 289.08pt>
File: figures/pdf/DNS_meshConv.pdf Graphic file (type pdf)
<use figures/pdf/DNS_meshConv.pdf>
Package luatex.def Info: figures/pdf/DNS_meshConv.pdf  used on input line 590.
(luatex.def)             Requested size: 289.07928pt x 289.07928pt.
 [15<./figures/pdf/DNS_meshConv.pdf>]
<figures/pdf/RESULTS_dynamic.pdf, id=2780, 341.47577pt x 217.3784pt>
File: figures/pdf/RESULTS_dynamic.pdf Graphic file (type pdf)
<use figures/pdf/RESULTS_dynamic.pdf>
Package luatex.def Info: figures/pdf/RESULTS_dynamic.pdf  used on input line 634
.
(luatex.def)             Requested size: 409.76886pt x 260.85277pt.
<figures/pdf/RESULTS_saturation.pdf, id=2784, 289.08pt x 216.81pt>
File: figures/pdf/RESULTS_saturation.pdf Graphic file (type pdf)
<use figures/pdf/RESULTS_saturation.pdf>
Package luatex.def Info: figures/pdf/RESULTS_saturation.pdf  used on input line 
665.
(luatex.def)             Requested size: 433.61893pt x 325.21419pt.

Overfull \hbox (15.36337pt too wide) in paragraph at lines 665--666
 [][] 
 []

<figures/pdf/RESULTS_interfacePosition.pdf, id=2785, 343.2825pt x 180.675pt>
File: figures/pdf/RESULTS_interfacePosition.pdf Graphic file (type pdf)
<use figures/pdf/RESULTS_interfacePosition.pdf>
Package luatex.def Info: figures/pdf/RESULTS_interfacePosition.pdf  used on inpu
t line 679.
(luatex.def)             Requested size: 343.28165pt x 180.67455pt.
[16] [17<./figures/pdf/RESULTS_dynamic.pdf>] [18<./figures/pdf/RESULTS_saturatio
n.pdf>] [19<./figures/pdf/RESULTS_interfacePosition.pdf>]
<figures/pdf/RESULTS_ratioDrag.pdf, id=3020, 289.08pt x 180.675pt>
File: figures/pdf/RESULTS_ratioDrag.pdf Graphic file (type pdf)
<use figures/pdf/RESULTS_ratioDrag.pdf>
Package luatex.def Info: figures/pdf/RESULTS_ratioDrag.pdf  used on input line 7
21.
(luatex.def)             Requested size: 433.61893pt x 271.01181pt.

Overfull \hbox (15.36337pt too wide) in paragraph at lines 721--722
 [][] 
 []

<figures/pdf/RESULTS_Drag.pdf, id=3022, 289.08pt x 180.675pt>
File: figures/pdf/RESULTS_Drag.pdf Graphic file (type pdf)
<use figures/pdf/RESULTS_Drag.pdf>
Package luatex.def Info: figures/pdf/RESULTS_Drag.pdf  used on input line 739.
(luatex.def)             Requested size: 433.61893pt x 271.01181pt.

Overfull \hbox (15.36337pt too wide) in paragraph at lines 739--740
 [][] 
 []

<figures/pdf/RESULTS_solidDrag.pdf, id=3024, 289.08pt x 180.675pt>
File: figures/pdf/RESULTS_solidDrag.pdf Graphic file (type pdf)
<use figures/pdf/RESULTS_solidDrag.pdf>
Package luatex.def Info: figures/pdf/RESULTS_solidDrag.pdf  used on input line 7
56.
(luatex.def)             Requested size: 433.61893pt x 271.01181pt.

Overfull \hbox (15.36337pt too wide) in paragraph at lines 756--757
 [][] 
 []

[20<./figures/pdf/RESULTS_ratioDrag.pdf>] [21<./figures/pdf/RESULTS_Drag.pdf>]
<figures/pdf/RESULTS_decompose.pdf, id=3249, 343.2825pt x 180.675pt>
File: figures/pdf/RESULTS_decompose.pdf Graphic file (type pdf)
<use figures/pdf/RESULTS_decompose.pdf>
Package luatex.def Info: figures/pdf/RESULTS_decompose.pdf  used on input line 7
74.
(luatex.def)             Requested size: 446.26718pt x 234.87746pt.

Overfull \hbox (28.01163pt too wide) in paragraph at lines 774--775
 [][] 
 []

<figures/pdf/RESULTS_details.pdf, id=3250, 361.35pt x 361.35pt>
File: figures/pdf/RESULTS_details.pdf Graphic file (type pdf)
<use figures/pdf/RESULTS_details.pdf>
Package luatex.def Info: figures/pdf/RESULTS_details.pdf  used on input line 784
.
(luatex.def)             Requested size: 361.34912pt x 361.34912pt.
[22<./figures/pdf/RESULTS_solidDrag.pdf>] [23<./figures/pdf/RESULTS_decompose.pd
f>] [24<./figures/pdf/RESULTS_details.pdf>]
No file article.bbl.
<figures/pdf/APPENDIX_microchannel.pdf, id=3862, 473.49121pt x 246.68158pt>
File: figures/pdf/APPENDIX_microchannel.pdf Graphic file (type pdf)
<use figures/pdf/APPENDIX_microchannel.pdf>
Package luatex.def Info: figures/pdf/APPENDIX_microchannel.pdf  used on input li
ne 840.
(luatex.def)             Requested size: 331.44159pt x 172.67592pt.
<figures/pdf/APPENDIX_test_half_circle.pdf, id=3863, 369.38pt x 284.06125pt>
File: figures/pdf/APPENDIX_test_half_circle.pdf Graphic file (type pdf)
<use figures/pdf/APPENDIX_test_half_circle.pdf>
Package luatex.def Info: figures/pdf/APPENDIX_test_half_circle.pdf  used on inpu
t line 849.
(luatex.def)             Requested size: 258.56422pt x 198.84149pt.

Package natbib Warning: Citation `nagel2015boundary' on page 25 undefined on inp
ut line 863.

[25<./figures/pdf/APPENDIX_microchannel.pdf>] [26<./figures/pdf/APPENDIX_test_ha
lf_circle.pdf>]
<figures/pdf/APPENDIX_compare_model_BEM.pdf, id=3900, 267.3739pt x 251.93504pt>
File: figures/pdf/APPENDIX_compare_model_BEM.pdf Graphic file (type pdf)
<use figures/pdf/APPENDIX_compare_model_BEM.pdf>
Package luatex.def Info: figures/pdf/APPENDIX_compare_model_BEM.pdf  used on inp
ut line 888.
(luatex.def)             Requested size: 267.37325pt x 251.93442pt.
<figures/pdf/APPENDIX_interface_BEMvsLS.pdf, id=3901, 416.99689pt x 224.49782pt>

File: figures/pdf/APPENDIX_interface_BEMvsLS.pdf Graphic file (type pdf)
<use figures/pdf/APPENDIX_interface_BEMvsLS.pdf>
Package luatex.def Info: figures/pdf/APPENDIX_interface_BEMvsLS.pdf  used on inp
ut line 898.
(luatex.def)             Requested size: 312.74689pt x 168.37294pt.


Package natbib Warning: There were undefined citations.

Package atveryend Info: Empty hook `BeforeClearDocument' on input line 907.
[27<./figures/pdf/APPENDIX_compare_model_BEM.pdf>] [28<./figures/pdf/APPENDIX_in
terface_BEMvsLS.pdf>]
Package atveryend Info: Empty hook `AfterLastShipout' on input line 907.
 (./article.aux)
Package atveryend Info: Executing hook `AtVeryEndDocument' on input line 907.
Package atveryend Info: Executing hook `AtEndAfterFileList' on input line 907.
Package rerunfilecheck Info: File `article.out' has not changed.
(rerunfilecheck)             Checksum: D41D8CD98F00B204E9800998ECF8427E;0.


LaTeX Font Warning: Some font shapes were not available, defaults substituted.


LaTeX Warning: Label(s) may have changed. Rerun to get cross-references right.

)

Here is how much of LuaTeX's memory you used:
 27651 strings out of 494291
 100000,953878 words of node,token memory allocated
 721 words of node memory still in use:
   7 hlist, 2 vlist, 2 rule, 2 glue, 4 kern, 1 glyph, 66 attribute, 62 glue_spec
, 35 attribute_list, 1 write nodes
   avail lists: 1:2,2:737,3:134,4:46,5:444,6:16,7:4416,8:90,9:390,10:22,11:352
 30733 multiletter control sequences out of 65536+600000
 102 fonts using 42650607 bytes
 54i,16n,109p,9105b,446s stack positions out of 5000i,500n,10000p,200000b,100000s
</home/maxime/Documents/paper1_cochennec/STIX2fonts/STIX2Math.otf></home/maxime/
Documents/paper1_cochennec/STIX2fonts/STIX2Text-Regular.otf></home/maxime/Docume
nts/paper1_cochennec/STIX2fonts/STIX2Text-Bold.otf></home/maxime/Documents/paper
1_cochennec/STIX2fonts/STIX2Math.otf></home/maxime/Documents/paper1_cochennec/ST
IX2fonts/STIX2Text-Bold.otf></home/maxime/Documents/paper1_cochennec/STIX2fonts/
STIX2Math.otf></home/maxime/Documents/paper1_cochennec/STIX2fonts/STIX2Text-Regu
lar.otf></usr/share/texmf/fonts/opentype/public/lm/lmsans10-bold.otf>
Output written on article.pdf (28 pages, 2344849 bytes).

PDF statistics: 4138 PDF objects out of 4296 (max. 8388607)
 2625 compressed objects within 27 object streams
 89 named destinations out of 1000 (max. 131072)
 65 words of extra memory for PDF output out of 10000 (max. 100000000)

