\BOOKMARK [1][-]{section*.1}{\376\377\000A\000b\000s\000t\000r\000a\000c\000t}{}% 1
\BOOKMARK [1][-]{section*.2}{\376\377\000I\000n\000t\000r\000o\000d\000u\000c\000t\000i\000o\000n}{}% 2
\BOOKMARK [2][-]{section*.3}{\376\377\000T\000w\000o\000-\000p\000h\000a\000s\000e\000\040\000f\000l\000o\000w\000\040\000i\000n\000\040\000h\000i\000g\000h\000-\000p\000e\000r\000m\000e\000a\000b\000i\000l\000i\000t\000y\000\040\000p\000o\000r\000o\000u\000s\000\040\000m\000e\000d\000i\000a}{section*.2}% 3
\BOOKMARK [2][-]{section*.4}{\376\377\000C\000o\000n\000t\000i\000n\000u\000o\000u\000s\000\040\000m\000o\000d\000e\000l}{section*.2}% 4
\BOOKMARK [3][-]{section*.5}{\376\377\000M\000o\000d\000e\000l\000i\000n\000g\000\040\000o\000f\000\040\000t\000h\000e\000\040\000i\000n\000t\000e\000r\000a\000c\000t\000i\000o\000n\000\040\000b\000e\000t\000w\000e\000e\000n\000\040\000f\000l\000u\000i\000d\000s}{section*.4}% 5
\BOOKMARK [2][-]{section*.6}{\376\377\000O\000u\000t\000l\000i\000n\000e\000\040\000o\000f\000\040\000t\000h\000e\000\040\000s\000t\000u\000d\000y}{section*.2}% 6
\BOOKMARK [1][-]{section*.7}{\376\377\000T\000h\000e\000o\000r\000e\000t\000i\000c\000a\000l\000\040\000b\000a\000c\000k\000g\000r\000o\000u\000n\000d}{}% 7
\BOOKMARK [2][-]{section*.8}{\376\377\000M\000a\000c\000r\000o\000s\000c\000o\000p\000i\000c\000\040\000q\000u\000a\000n\000t\000i\000t\000i\000e\000s}{section*.7}% 8
\BOOKMARK [2][-]{section*.9}{\376\377\000T\000r\000a\000c\000t\000i\000o\000n\000\040\000t\000e\000r\000m\000s}{section*.7}% 9
\BOOKMARK [2][-]{section*.10}{\376\377\000T\000h\000e\000o\000r\000y\000\040\000o\000f\000\040\000t\000w\000o\000-\000p\000h\000a\000s\000e\000\040\000d\000i\000s\000p\000l\000a\000c\000e\000m\000e\000n\000t\000\040\000i\000n\000\040\000H\000e\000l\000e\000-\000S\000h\000a\000w\000\040\000c\000e\000l\000l}{section*.7}% 10
\BOOKMARK [1][-]{section*.11}{\376\377\000D\000i\000r\000e\000c\000t\000\040\000n\000u\000m\000e\000r\000i\000c\000a\000l\000\040\000s\000i\000m\000u\000l\000a\000t\000i\000o\000n\000s}{}% 11
\BOOKMARK [2][-]{section*.12}{\376\377\000E\000q\000u\000a\000t\000i\000o\000n\000s}{section*.11}% 12
\BOOKMARK [3][-]{section*.13}{\376\377\000L\000e\000v\000e\000l\000\040\000S\000e\000t\000\040\000m\000o\000d\000e\000l}{section*.12}% 13
\BOOKMARK [3][-]{section*.14}{\376\377\000F\000l\000o\000w\000\040\000e\000q\000u\000a\000t\000i\000o\000n\000s}{section*.12}% 14
\BOOKMARK [3][-]{section*.15}{\376\377\000D\000i\000m\000e\000n\000s\000i\000o\000n\000l\000e\000s\000s\000\040\000e\000q\000u\000a\000t\000i\000o\000n\000s\000\040\000a\000n\000d\000\040\000r\000e\000l\000e\000v\000a\000n\000t\000\040\000d\000i\000m\000e\000n\000s\000i\000o\000n\000l\000e\000s\000s\000\040\000n\000u\000m\000b\000e\000r\000s}{section*.12}% 15
\BOOKMARK [2][-]{section*.16}{\376\377\000T\000e\000s\000t\000\040\000c\000a\000s\000e}{section*.11}% 16
\BOOKMARK [3][-]{section*.17}{\376\377\000G\000e\000o\000m\000e\000t\000r\000y\000\040\000a\000n\000d\000\040\000b\000o\000u\000n\000d\000a\000r\000y\000\040\000c\000o\000n\000d\000i\000t\000i\000o\000n\000s}{section*.16}% 17
\BOOKMARK [1][-]{section*.18}{\376\377\000R\000e\000s\000u\000l\000t\000s}{}% 18
\BOOKMARK [2][-]{section*.19}{\376\377\000W\000e\000t\000t\000i\000n\000g\000\040\000f\000l\000u\000i\000d\000\040\000s\000a\000t\000u\000r\000a\000t\000i\000o\000n\000\040\000d\000e\000c\000r\000e\000a\000s\000e\000s\000\040\000w\000h\000e\000n\000\040\000p\000e\000r\000m\000e\000a\000b\000i\000l\000i\000t\000y\000\040\000i\000s\000\040\000d\000e\000c\000r\000e\000a\000s\000i\000n\000g}{section*.18}% 19
\BOOKMARK [2][-]{section*.20}{\376\377\000D\000y\000n\000a\000m\000i\000c\000\040\000c\000a\000p\000i\000l\000l\000a\000r\000y\000\040\000p\000r\000e\000s\000s\000u\000r\000e\000\040\000s\000c\000a\000l\000e\000\040\000l\000i\000n\000e\000a\000r\000l\000y\000\040\000w\000i\000t\000h\000\040\000t\000h\000e\000\040\000g\000a\000p\000\040\000b\000e\000t\000w\000e\000e\000n\000\040\000H\000e\000l\000e\000-\000S\000h\000a\000w\000\040\000p\000l\000a\000t\000e\000s\000\040\000r\000e\000g\000a\000r\000d\000l\000e\000s\000s\000\040\000o\000f\000\040\000t\000h\000e\000\040\000c\000a\000p\000i\000l\000l\000a\000r\000y\000\040\000n\000u\000m\000b\000e\000r}{section*.18}% 20
\BOOKMARK [2][-]{section*.21}{\376\377\000F\000l\000u\000i\000d\000-\000f\000l\000u\000i\000d\000\040\000t\000r\000a\000c\000t\000i\000o\000n\000\040\000i\000n\000c\000r\000e\000a\000s\000e\000s\000\040\000f\000a\000s\000t\000e\000r\000\040\000c\000o\000m\000p\000a\000r\000e\000d\000\040\000t\000o\000\040\000s\000o\000l\000i\000d\000-\000f\000l\000u\000i\000d\000\040\000t\000r\000a\000c\000t\000i\000o\000n\000\040\000w\000h\000e\000n\000\040\000p\000e\000r\000m\000e\000a\000b\000i\000l\000i\000t\000y\000\040\000i\000s\000\040\000d\000e\000c\000r\000e\000a\000s\000i\000n\000g}{section*.18}% 21
\BOOKMARK [2][-]{section*.22}{\376\377\000D\000e\000c\000r\000e\000a\000s\000i\000n\000g\000\040\000t\000h\000e\000\040\000i\000n\000t\000r\000i\000n\000s\000i\000c\000\040\000p\000e\000r\000m\000e\000a\000b\000i\000l\000i\000t\000y\000\040\000d\000o\000e\000s\000\040\000n\000o\000t\000\040\000i\000m\000p\000l\000y\000\040\000t\000h\000a\000t\000\040\000t\000h\000e\000\040\000s\000h\000a\000r\000e\000\040\000o\000f\000\040\000t\000h\000e\000\040\000f\000l\000u\000i\000d\000-\000f\000l\000u\000i\000d\000\040\000t\000r\000a\000c\000t\000i\000o\000n\000\040\000i\000s\000\040\000n\000e\000g\000l\000i\000g\000i\000b\000l\000e\000\040\000i\000n\000\040\000t\000h\000e\000\040\000t\000o\000t\000a\000l\000\040\000t\000r\000a\000c\000t\000i\000o\000n}{section*.18}% 22
\BOOKMARK [1][-]{section*.23}{\376\377\000C\000o\000n\000c\000l\000u\000s\000i\000o\000n}{}% 23
\BOOKMARK [1][-]{section*.24}{\376\377\000A\000p\000p\000e\000n\000d\000i\000x}{}% 24
\BOOKMARK [2][-]{section*.25}{\376\377\000V\000a\000l\000i\000d\000i\000a\000t\000i\000o\000n\000\040\000a\000g\000a\000i\000n\000s\000t\000\040\000e\000x\000p\000l\000i\000c\000i\000t\000\040\000t\000r\000a\000c\000k\000i\000n\000g\000\040\000i\000n\000t\000e\000r\000f\000a\000c\000e\000\040\000m\000e\000t\000h\000o\000d}{section*.24}% 25
\BOOKMARK [1][-]{section*.26}{\376\377\000R\000e\000f\000e\000r\000e\000n\000c\000e\000s}{}% 26
