This is XeTeX, Version 3.14159265-2.6-0.999991 (TeX Live 2019/W32TeX) (preloaded format=xelatex 2020.2.7)  16 MAY 2020 12:57
entering extended mode
 restricted \write18 enabled.
 %&-line parsing enabled.
**DNS_mesh_conv.tex
(./DNS_mesh_conv.tex
LaTeX2e <2020-02-02>
L3 programming layer <2020-02-03>
(c:/texlive/2019/texmf-dist/tex/latex/base/minimal.cls
Document Class: minimal 2001/05/25 Standard LaTeX minimal class
) (c:/texlive/2019/texmf-dist/tex/latex/base/size11.clo
File: size11.clo 2019/12/20 v1.4l Standard LaTeX file (size option)
)
(c:/texlive/2019/texmf-dist/tex/latex/tools/calc.sty
Package: calc 2017/05/25 v4.3 Infix arithmetic (KKT,FJ)
\calc@Acount=\count163
\calc@Bcount=\count164
\calc@Adimen=\dimen134
\calc@Bdimen=\dimen135
\calc@Askip=\skip47
\calc@Bskip=\skip48
LaTeX Info: Redefining \setlength on input line 80.
LaTeX Info: Redefining \addtolength on input line 81.
\calc@Ccount=\count165
\calc@Cskip=\skip49
)
(c:/texlive/2019/texmf-dist/tex/latex/graphics/graphicx.sty
Package: graphicx 2019/11/30 v1.2a Enhanced LaTeX Graphics (DPC,SPQR)

(c:/texlive/2019/texmf-dist/tex/latex/graphics/keyval.sty
Package: keyval 2014/10/28 v1.15 key=value parser (DPC)
\KV@toks@=\toks14
)
(c:/texlive/2019/texmf-dist/tex/latex/graphics/graphics.sty
Package: graphics 2019/11/30 v1.4a Standard LaTeX Graphics (DPC,SPQR)

(c:/texlive/2019/texmf-dist/tex/latex/graphics/trig.sty
Package: trig 2016/01/03 v1.10 sin cos tan (DPC)
)
(c:/texlive/2019/texmf-dist/tex/latex/graphics-cfg/graphics.cfg
File: graphics.cfg 2016/06/04 v1.11 sample graphics configuration
)
Package graphics Info: Driver file: xetex.def on input line 105.

(c:/texlive/2019/texmf-dist/tex/latex/graphics-def/xetex.def
File: xetex.def 2017/06/24 v5.0h Graphics/color driver for xetex
))
\Gin@req@height=\dimen136
\Gin@req@width=\dimen137
)
(c:/texlive/2019/texmf-dist/tex/latex/graphics/color.sty
Package: color 2019/11/23 v1.2a Standard LaTeX Color (DPC)

(c:/texlive/2019/texmf-dist/tex/latex/graphics-cfg/color.cfg
File: color.cfg 2016/01/02 v1.6 sample color configuration
)
Package color Info: Driver file: xetex.def on input line 147.
)
(c:/texlive/2019/texmf-dist/tex/latex/transparent/transparent.sty
Package: transparent 2019/11/29 v1.4 Transparency via pdfTeX's color stack (HO)


(c:/texlive/2019/texmf-dist/tex/generic/iftex/iftex.sty
Package: iftex 2019/11/07 v1.0c TeX engine tests
)

Package transparent Warning: Loading aborted, because pdfTeX is not running in 
PDF mode.

) (c:/texlive/2019/texmf-dist/tex/latex/geometry/geometry.sty
Package: geometry 2020/01/02 v5.9 Page Geometry

(c:/texlive/2019/texmf-dist/tex/generic/iftex/ifvtex.sty
Package: ifvtex 2019/10/25 v1.7 ifvtex legacy package. Use iftex instead.
)
\Gm@cnth=\count166
\Gm@cntv=\count167
\c@Gm@tempcnt=\count168
\Gm@bindingoffset=\dimen138
\Gm@wd@mp=\dimen139
\Gm@odd@mp=\dimen140
\Gm@even@mp=\dimen141
\Gm@layoutwidth=\dimen142
\Gm@layoutheight=\dimen143
\Gm@layouthoffset=\dimen144
\Gm@layoutvoffset=\dimen145
\Gm@dimlist=\toks15
)
Using configuration file gnuplot.cfg
(./gnuplot.cfg (c:/texlive/2019/texmf-dist/tex/latex/fontspec/fontspec.sty
(c:/texlive/2019/texmf-dist/tex/latex/l3packages/xparse/xparse.sty
(c:/texlive/2019/texmf-dist/tex/latex/l3kernel/expl3.sty
Package: expl3 2020-02-03 L3 programming layer (loader) 

(c:/texlive/2019/texmf-dist/tex/latex/l3backend/l3backend-xdvipdfmx.def
File: l3backend-xdvipdfmx.def 2020-02-03 L3 backend support: xdvipdfmx
\g__graphics_track_int=\count169
\l__pdf_internal_box=\box45
\g__pdf_backend_object_int=\count170
\g__pdf_backend_annotation_int=\count171
))
Package: xparse 2020-02-03 L3 Experimental document command parser
\l__xparse_current_arg_int=\count172
\g__xparse_grabber_int=\count173
\l__xparse_m_args_int=\count174
\l__xparse_v_nesting_int=\count175
)
Package: fontspec 2020/02/03 v2.7h Font selection for XeLaTeX and LuaLaTeX

(c:/texlive/2019/texmf-dist/tex/latex/fontspec/fontspec-xetex.sty
Package: fontspec-xetex 2020/02/03 v2.7h Font selection for XeLaTeX and LuaLaTe
X
\l__fontspec_script_int=\count176
\l__fontspec_language_int=\count177
\l__fontspec_strnum_int=\count178
\l__fontspec_tmp_int=\count179
\l__fontspec_tmpa_int=\count180
\l__fontspec_tmpb_int=\count181
\l__fontspec_tmpc_int=\count182
\l__fontspec_em_int=\count183
\l__fontspec_emdef_int=\count184
\l__fontspec_strong_int=\count185
\l__fontspec_strongdef_int=\count186
\l__fontspec_tmpa_dim=\dimen146
\l__fontspec_tmpb_dim=\dimen147
\l__fontspec_tmpc_dim=\dimen148

(c:/texlive/2019/texmf-dist/tex/latex/base/fontenc.sty
Package: fontenc 2020/01/25 v2.0m Standard LaTeX package
)
(c:/texlive/2019/texmf-dist/tex/latex/fontspec/fontspec.cfg)))
(c:/texlive/2019/texmf-dist/tex/latex/unicode-math/unicode-math.sty
Package: unicode-math 2020/01/31 v0.8q Unicode maths in XeLaTeX and LuaLaTeX

(c:/texlive/2019/texmf-dist/tex/latex/unicode-math/unicode-math-xetex.sty
Package: unicode-math-xetex 2020/01/31 v0.8q Unicode maths in XeLaTeX and LuaLa
TeX

(c:/texlive/2019/texmf-dist/tex/latex/l3packages/l3keys2e/l3keys2e.sty
Package: l3keys2e 2020-02-03 LaTeX2e option processing using LaTeX3 keys
)
(c:/texlive/2019/texmf-dist/tex/latex/base/fix-cm.sty
Package: fix-cm 2015/01/14 v1.1t fixes to LaTeX

(c:/texlive/2019/texmf-dist/tex/latex/base/ts1enc.def
File: ts1enc.def 2001/06/05 v3.0e (jk/car/fm) Standard LaTeX file
LaTeX Font Info:    Redeclaring font encoding TS1 on input line 47.
))
(c:/texlive/2019/texmf-dist/tex/latex/amsmath/amsmath.sty
Package: amsmath 2020/01/20 v2.17e AMS math features
\@mathmargin=\skip50

For additional information on amsmath, use the `?' option.
(c:/texlive/2019/texmf-dist/tex/latex/amsmath/amstext.sty
Package: amstext 2000/06/29 v2.01 AMS text

(c:/texlive/2019/texmf-dist/tex/latex/amsmath/amsgen.sty
File: amsgen.sty 1999/11/30 v2.0 generic functions
\@emptytoks=\toks16
\ex@=\dimen149
))
(c:/texlive/2019/texmf-dist/tex/latex/amsmath/amsbsy.sty
Package: amsbsy 1999/11/29 v1.2d Bold Symbols
\pmbraise@=\dimen150
)
(c:/texlive/2019/texmf-dist/tex/latex/amsmath/amsopn.sty
Package: amsopn 2016/03/08 v2.02 operator names
)
\inf@bad=\count187
LaTeX Info: Redefining \frac on input line 227.
\uproot@=\count188
\leftroot@=\count189
LaTeX Info: Redefining \overline on input line 389.
\classnum@=\count190
\DOTSCASE@=\count191
LaTeX Info: Redefining \ldots on input line 486.
LaTeX Info: Redefining \dots on input line 489.
LaTeX Info: Redefining \cdots on input line 610.
\Mathstrutbox@=\box46
\strutbox@=\box47
\big@size=\dimen151
LaTeX Font Info:    Redeclaring font encoding OML on input line 733.
LaTeX Font Info:    Redeclaring font encoding OMS on input line 734.
\macc@depth=\count192
\c@MaxMatrixCols=\count193
\dotsspace@=\muskip16
\c@parentequation=\count194
\dspbrk@lvl=\count195
\tag@help=\toks17
\row@=\count196
\column@=\count197
\maxfields@=\count198
\andhelp@=\toks18
\eqnshift@=\dimen152
\alignsep@=\dimen153
\tagshift@=\dimen154
\tagwidth@=\dimen155
\totwidth@=\dimen156
\lineht@=\dimen157
\@envbody=\toks19
\multlinegap=\skip51
\multlinetaggap=\skip52
\mathdisplay@stack=\toks20
LaTeX Info: Redefining \[ on input line 2859.
LaTeX Info: Redefining \] on input line 2860.
)
\g__um_fam_int=\count199
\g__um_fonts_used_int=\count266
\l__um_primecount_int=\count267
\g__um_primekern_muskip=\muskip17

(c:/texlive/2019/texmf-dist/tex/latex/unicode-math/unicode-math-table.tex)))

Package fontspec Info: Font family 'STIX2Math(0)' created for font 'STIX2Math'
(fontspec)             with options
(fontspec)             [BoldItalicFont={},ItalicFont={},SmallCapsFont={},Script
=Math,Extension={.otf},Path={STIX2fonts/},Scale={1.1}].
(fontspec)              
(fontspec)              This font family consists of the following NFSS
(fontspec)             series/shapes:
(fontspec)              
(fontspec)             - 'normal' (m/n) with NFSS spec.:
(fontspec)             <->s*[1.1]"[STIX2fonts/STIX2Math.otf]/OT:script=math;lan
guage=dflt;"
(fontspec)             - 'small caps'  (m/sc) with NFSS spec.: 

LaTeX Font Info:    Font shape `TU/STIX2Math(0)/m/n' will be
(Font)              scaled to size 12.04506pt on input line 10.

Package fontspec Info: Font family 'STIX2Math(1)' created for font 'STIX2Math'
(fontspec)             with options
(fontspec)             [BoldItalicFont={},ItalicFont={},SmallCapsFont={},Script
=Math,SizeFeatures={{Size=9.3075-},{Size=6.84375-9.3075,Font=STIX2Math,Style=Ma
thScript},{Size=-6.84375,Font=STIX2Math,Style=MathScriptScript}},Extension={.ot
f},Path={STIX2fonts/},Scale={1.1}].
(fontspec)              
(fontspec)              This font family consists of the following NFSS
(fontspec)             series/shapes:
(fontspec)              
(fontspec)             - 'normal' (m/n) with NFSS spec.:
(fontspec)             <9.3075->s*[1.1]"[STIX2fonts/STIX2Math.otf]/OT:script=ma
th;language=dflt;"<6.84375-9.3075>s*[1.1]"[STIX2fonts/STIX2Math.otf]/OT:script=
math;language=dflt;+ssty=0;"<-6.84375>s*[1.1]"[STIX2fonts/STIX2Math.otf]/OT:scr
ipt=math;language=dflt;+ssty=1;"
(fontspec)             - 'small caps'  (m/sc) with NFSS spec.: 

LaTeX Font Info:    Font shape `TU/STIX2Math(1)/m/n' will be
(Font)              scaled to size 12.04506pt on input line 10.
LaTeX Font Info:    Encoding `OT1' has changed to `TU' for symbol font
(Font)              `operators' in the math version `normal' on input line 10.
LaTeX Font Info:    Overwriting symbol font `operators' in version `normal'
(Font)                  OT1/cmr/m/n --> TU/STIX2Math(1)/m/n on input line 10.
LaTeX Font Info:    Encoding `OT1' has changed to `TU' for symbol font
(Font)              `operators' in the math version `bold' on input line 10.
LaTeX Font Info:    Overwriting symbol font `operators' in version `bold'
(Font)                  OT1/cmr/bx/n --> TU/STIX2Math(1)/b/n on input line 10.

Package fontspec Info: STIX2Math scale = 1.10011.


Package fontspec Info: STIX2Math scale = 1.10011.


Package fontspec Info: STIX2Math scale = 1.10011.


Package fontspec Info: STIX2Math scale = 1.10011.


Package fontspec Info: Font family 'STIX2Math(2)' created for font 'STIX2Math'
(fontspec)             with options
(fontspec)             [BoldItalicFont={},ItalicFont={},SmallCapsFont={},Script
=Math,SizeFeatures={{Size=9.3075-},{Size=6.84375-9.3075,Font=STIX2Math,Style=Ma
thScript},{Size=-6.84375,Font=STIX2Math,Style=MathScriptScript}},Extension={.ot
f},Path={STIX2fonts/},Scale={1.1},ScaleAgain=1.0001,FontAdjustment={\fontdimen
(fontspec)             8\font =7.70883pt\relax \fontdimen 9\font
(fontspec)             =7.04636pt\relax \fontdimen 10\font =5.66118pt\relax
(fontspec)             \fontdimen 11\font =7.70883pt\relax \fontdimen 12\font
(fontspec)             =7.04636pt\relax \fontdimen 13\font =4.33623pt\relax
(fontspec)             \fontdimen 14\font =4.33623pt\relax \fontdimen 15\font
(fontspec)             =3.03535pt\relax \fontdimen 16\font =2.52946pt\relax
(fontspec)             \fontdimen 17\font =2.52946pt\relax \fontdimen 18\font
(fontspec)             =2.77037pt\relax \fontdimen 19\font =1.92722pt\relax
(fontspec)             \fontdimen 22\font =3.10762pt\relax \fontdimen 20\font
(fontspec)             =0pt\relax \fontdimen 21\font =0pt\relax }].
(fontspec)              
(fontspec)              This font family consists of the following NFSS
(fontspec)             series/shapes:
(fontspec)              
(fontspec)             - 'normal' (m/n) with NFSS spec.:
(fontspec)             <9.3075->s*[1.10011]"[STIX2fonts/STIX2Math.otf]/OT:scrip
t=math;language=dflt;"<6.84375-9.3075>s*[1.10011]"[STIX2fonts/STIX2Math.otf]/OT
:script=math;language=dflt;+ssty=0;"<-6.84375>s*[1.10011]"[STIX2fonts/STIX2Math
.otf]/OT:script=math;language=dflt;+ssty=1;"
(fontspec)             - 'small caps'  (m/sc) with NFSS spec.: 
(fontspec)             and font adjustment code:
(fontspec)             \fontdimen 8\font =7.70883pt\relax \fontdimen 9\font
(fontspec)             =7.04636pt\relax \fontdimen 10\font =5.66118pt\relax
(fontspec)             \fontdimen 11\font =7.70883pt\relax \fontdimen 12\font
(fontspec)             =7.04636pt\relax \fontdimen 13\font =4.33623pt\relax
(fontspec)             \fontdimen 14\font =4.33623pt\relax \fontdimen 15\font
(fontspec)             =3.03535pt\relax \fontdimen 16\font =2.52946pt\relax
(fontspec)             \fontdimen 17\font =2.52946pt\relax \fontdimen 18\font
(fontspec)             =2.77037pt\relax \fontdimen 19\font =1.92722pt\relax
(fontspec)             \fontdimen 22\font =3.10762pt\relax \fontdimen 20\font
(fontspec)             =0pt\relax \fontdimen 21\font =0pt\relax 

LaTeX Font Info:    Encoding `OMS' has changed to `TU' for symbol font
(Font)              `symbols' in the math version `normal' on input line 10.
LaTeX Font Info:    Overwriting symbol font `symbols' in version `normal'
(Font)                  OMS/cmsy/m/n --> TU/STIX2Math(2)/m/n on input line 10.
LaTeX Font Info:    Encoding `OMS' has changed to `TU' for symbol font
(Font)              `symbols' in the math version `bold' on input line 10.
LaTeX Font Info:    Overwriting symbol font `symbols' in version `bold'
(Font)                  OMS/cmsy/b/n --> TU/STIX2Math(2)/b/n on input line 10.

Package fontspec Info: STIX2Math scale = 1.09989.


Package fontspec Info: STIX2Math scale = 1.09989.


Package fontspec Info: STIX2Math scale = 1.09989.


Package fontspec Info: STIX2Math scale = 1.09989.


Package fontspec Info: Font family 'STIX2Math(3)' created for font 'STIX2Math'
(fontspec)             with options
(fontspec)             [BoldItalicFont={},ItalicFont={},SmallCapsFont={},Script
=Math,SizeFeatures={{Size=9.3075-},{Size=6.84375-9.3075,Font=STIX2Math,Style=Ma
thScript},{Size=-6.84375,Font=STIX2Math,Style=MathScriptScript}},Extension={.ot
f},Path={STIX2fonts/},Scale={1.1},ScaleAgain=0.9999,FontAdjustment={\fontdimen
(fontspec)             8\font =0.81906pt\relax \fontdimen 9\font
(fontspec)             =1.62608pt\relax \fontdimen 10\font =1.62608pt\relax
(fontspec)             \fontdimen 11\font =3.61353pt\relax \fontdimen 12\font
(fontspec)             =8.07019pt\relax \fontdimen 13\font =0pt\relax }].
(fontspec)              
(fontspec)              This font family consists of the following NFSS
(fontspec)             series/shapes:
(fontspec)              
(fontspec)             - 'normal' (m/n) with NFSS spec.:
(fontspec)             <9.3075->s*[1.09989]"[STIX2fonts/STIX2Math.otf]/OT:scrip
t=math;language=dflt;"<6.84375-9.3075>s*[1.09989]"[STIX2fonts/STIX2Math.otf]/OT
:script=math;language=dflt;+ssty=0;"<-6.84375>s*[1.09989]"[STIX2fonts/STIX2Math
.otf]/OT:script=math;language=dflt;+ssty=1;"
(fontspec)             - 'small caps'  (m/sc) with NFSS spec.: 
(fontspec)             and font adjustment code:
(fontspec)             \fontdimen 8\font =0.81906pt\relax \fontdimen 9\font
(fontspec)             =1.62608pt\relax \fontdimen 10\font =1.62608pt\relax
(fontspec)             \fontdimen 11\font =3.61353pt\relax \fontdimen 12\font
(fontspec)             =8.07019pt\relax \fontdimen 13\font =0pt\relax 

LaTeX Font Info:    Encoding `OMX' has changed to `TU' for symbol font
(Font)              `largesymbols' in the math version `normal' on input line 1
0.
LaTeX Font Info:    Overwriting symbol font `largesymbols' in version `normal'
(Font)                  OMX/cmex/m/n --> TU/STIX2Math(3)/m/n on input line 10.
LaTeX Font Info:    Encoding `OMX' has changed to `TU' for symbol font
(Font)              `largesymbols' in the math version `bold' on input line 10.

LaTeX Font Info:    Overwriting symbol font `largesymbols' in version `bold'
(Font)                  OMX/cmex/m/n --> TU/STIX2Math(3)/b/n on input line 10.

Package fontspec Info: Font family 'STIX2Text(0)' created for font 'STIX2Text'
(fontspec)             with options
(fontspec)             [Ligatures=TeX,Extension={.otf},Path=STIX2fonts/,Upright
Font={*-Regular},BoldFont={*-Bold},ItalicFont={*-Italic},BoldItalicFont={*-Bold
Italic}].
(fontspec)              
(fontspec)              This font family consists of the following NFSS
(fontspec)             series/shapes:
(fontspec)              
(fontspec)             - 'normal' (m/n) with NFSS spec.:
(fontspec)             <->"[STIX2fonts/STIX2Text-Regular.otf]/OT:script=latn;la
nguage=dflt;mapping=tex-text;"
(fontspec)             - 'small caps'  (m/sc) with NFSS spec.:
(fontspec)             <->"[STIX2fonts/STIX2Text-Regular.otf]/OT:script=latn;la
nguage=dflt;+smcp;mapping=tex-text;"
(fontspec)             - 'bold' (b/n) with NFSS spec.:
(fontspec)             <->"[STIX2fonts/STIX2Text-Bold.otf]/OT:script=latn;langu
age=dflt;mapping=tex-text;"
(fontspec)             - 'bold small caps'  (b/sc) with NFSS spec.:
(fontspec)             <->"[STIX2fonts/STIX2Text-Bold.otf]/OT:script=latn;langu
age=dflt;+smcp;mapping=tex-text;"
(fontspec)             - 'italic' (m/it) with NFSS spec.:
(fontspec)             <->"[STIX2fonts/STIX2Text-Italic.otf]/OT:script=latn;lan
guage=dflt;mapping=tex-text;"
(fontspec)             - 'italic small caps'  (m/scit) with NFSS spec.:
(fontspec)             <->"[STIX2fonts/STIX2Text-Italic.otf]/OT:script=latn;lan
guage=dflt;+smcp;mapping=tex-text;"
(fontspec)             - 'bold italic' (b/it) with NFSS spec.:
(fontspec)             <->"[STIX2fonts/STIX2Text-BoldItalic.otf]/OT:script=latn
;language=dflt;mapping=tex-text;"
(fontspec)             - 'bold italic small caps'  (b/scit) with NFSS spec.:
(fontspec)             <->"[STIX2fonts/STIX2Text-BoldItalic.otf]/OT:script=latn
;language=dflt;+smcp;mapping=tex-text;"


Package fontspec Info: Font family 'STIX2Text(1)' created for font 'STIX2Text'
(fontspec)             with options
(fontspec)             [Extension={.otf},Path=STIX2fonts/,UprightFont={*-Regula
r},BoldFont={*-Bold},ItalicFont={*-Italic},BoldItalicFont={*-BoldItalic}].
(fontspec)              
(fontspec)              This font family consists of the following NFSS
(fontspec)             series/shapes:
(fontspec)              
(fontspec)             - 'normal' (m/n) with NFSS spec.:
(fontspec)             <->"[STIX2fonts/STIX2Text-Regular.otf]/OT:script=latn;la
nguage=dflt;"
(fontspec)             - 'small caps'  (m/sc) with NFSS spec.:
(fontspec)             <->"[STIX2fonts/STIX2Text-Regular.otf]/OT:script=latn;la
nguage=dflt;+smcp;"
(fontspec)             - 'bold' (b/n) with NFSS spec.:
(fontspec)             <->"[STIX2fonts/STIX2Text-Bold.otf]/OT:script=latn;langu
age=dflt;"
(fontspec)             - 'bold small caps'  (b/sc) with NFSS spec.:
(fontspec)             <->"[STIX2fonts/STIX2Text-Bold.otf]/OT:script=latn;langu
age=dflt;+smcp;"
(fontspec)             - 'italic' (m/it) with NFSS spec.:
(fontspec)             <->"[STIX2fonts/STIX2Text-Italic.otf]/OT:script=latn;lan
guage=dflt;"
(fontspec)             - 'italic small caps'  (m/scit) with NFSS spec.:
(fontspec)             <->"[STIX2fonts/STIX2Text-Italic.otf]/OT:script=latn;lan
guage=dflt;+smcp;"
(fontspec)             - 'bold italic' (b/it) with NFSS spec.:
(fontspec)             <->"[STIX2fonts/STIX2Text-BoldItalic.otf]/OT:script=latn
;language=dflt;"
(fontspec)             - 'bold italic small caps'  (b/scit) with NFSS spec.:
(fontspec)             <->"[STIX2fonts/STIX2Text-BoldItalic.otf]/OT:script=latn
;language=dflt;+smcp;"

LaTeX Font Info:    Overwriting math alphabet `\mathrm' in version `normal'
(Font)                  TU/STIX2Math(1)/m/n --> TU/STIX2Text(1)/m/n on input li
ne 17.
LaTeX Font Info:    Overwriting math alphabet `\mathit' in version `normal'
(Font)                  OT1/cmr/m/it --> TU/STIX2Text(1)/m/it on input line 17.

LaTeX Font Info:    Overwriting math alphabet `\mathbf' in version `normal'
(Font)                  OT1/cmr/bx/n --> TU/STIX2Text(1)/bx/n on input line 17.

)
(./DNS_mesh_conv.aux)
\openout1 = `DNS_mesh_conv.aux'.

LaTeX Font Info:    Checking defaults for OML/cmm/m/it on input line 60.
LaTeX Font Info:    ... okay on input line 60.
LaTeX Font Info:    Checking defaults for OMS/cmsy/m/n on input line 60.
LaTeX Font Info:    ... okay on input line 60.
LaTeX Font Info:    Checking defaults for OT1/cmr/m/n on input line 60.
LaTeX Font Info:    ... okay on input line 60.
LaTeX Font Info:    Checking defaults for T1/cmr/m/n on input line 60.
LaTeX Font Info:    ... okay on input line 60.
LaTeX Font Info:    Checking defaults for TS1/cmr/m/n on input line 60.
LaTeX Font Info:    ... okay on input line 60.
LaTeX Font Info:    Checking defaults for TU/lmr/m/n on input line 60.
LaTeX Font Info:    ... okay on input line 60.
LaTeX Font Info:    Checking defaults for OMX/cmex/m/n on input line 60.
LaTeX Font Info:    ... okay on input line 60.
LaTeX Font Info:    Checking defaults for U/cmr/m/n on input line 60.
LaTeX Font Info:    ... okay on input line 60.

*geometry* detected driver: dvips
*geometry* verbose mode - [ preamble ] result:
* driver: dvips
* paper: custom
* layout: <same size as paper>
* layoutoffset:(h,v)=(0.0pt,0.0pt)
* modes: 
* h-part:(L,W,R)=(0.0pt, 453.69499pt, 0.0pt)
* v-part:(T,H,B)=(0.0pt, 254.9525pt, 0.0pt)
* \paperwidth=453.69499pt
* \paperheight=254.9525pt
* \textwidth=453.69499pt
* \textheight=254.9525pt
* \oddsidemargin=-72.26999pt
* \evensidemargin=-72.26999pt
* \topmargin=-109.26999pt
* \headheight=12.0pt
* \headsep=25.0pt
* \topskip=11.0pt
* \footskip=30.0pt
* \marginparwidth=4.0pt
* \marginparsep=10.0pt
* \columnsep=0.0pt
* \skip\footins=10.0pt plus 4.0pt minus 2.0pt
* \hoffset=0.0pt
* \voffset=0.0pt
* \mag=1000
* \@twocolumnfalse
* \@twosidefalse
* \@mparswitchfalse
* \@reversemarginfalse
* (1in=72.27pt=25.4mm, 1cm=28.453pt)

LaTeX Font Info:    Overwriting math alphabet `\mathsf' in version `normal'
(Font)                  OT1/cmss/m/n --> TU/lmss/m/n on input line 60.
LaTeX Font Info:    Overwriting math alphabet `\mathsf' in version `bold'
(Font)                  OT1/cmss/bx/n --> TU/lmss/b/n on input line 60.
LaTeX Font Info:    Overwriting math alphabet `\mathtt' in version `normal'
(Font)                  OT1/cmtt/m/n --> TU/lmtt/m/n on input line 60.
LaTeX Font Info:    Overwriting math alphabet `\mathtt' in version `bold'
(Font)                  OT1/cmtt/m/n --> TU/lmtt/b/n on input line 60.
\gptboxheight=\skip53
\gptboxwidth=\skip54
\gptboxtext=\box48
LaTeX Font Info:    Font shape `TU/STIX2Math(1)/m/n' will be
(Font)              scaled to size 8.43153pt on input line 219.
LaTeX Font Info:    Font shape `TU/STIX2Math(1)/m/n' will be
(Font)              scaled to size 6.62479pt on input line 219.
LaTeX Font Info:    Font shape `TU/STIX2Math(2)/m/n' will be
(Font)              scaled to size 12.04622pt on input line 219.
LaTeX Font Info:    Font shape `TU/STIX2Math(2)/m/n' will be
(Font)              scaled to size 8.43236pt on input line 219.
LaTeX Font Info:    Font shape `TU/STIX2Math(2)/m/n' will be
(Font)              scaled to size 6.62543pt on input line 219.
LaTeX Font Info:    Font shape `TU/STIX2Math(3)/m/n' will be
(Font)              scaled to size 12.04372pt on input line 219.
LaTeX Font Info:    Font shape `TU/STIX2Math(3)/m/n' will be
(Font)              scaled to size 8.4306pt on input line 219.
LaTeX Font Info:    Font shape `TU/STIX2Math(3)/m/n' will be
(Font)              scaled to size 6.62405pt on input line 219.
File: DNS_mesh_conv-inc.pdf Graphic file (type pdf)
<use DNS_mesh_conv-inc.pdf>
[1] (./DNS_mesh_conv.aux) ) 
Here is how much of TeX's memory you used:
 8498 strings out of 479827
 179071 string characters out of 5897345
 740526 words of memory out of 5000000
 25563 multiletter control sequences out of 15000+600000
 534263 words of font info for 48 fonts, out of 8000000 for 9000
 1348 hyphenation exceptions out of 8191
 49i,7n,111p,292b,277s stack positions out of 5000i,500n,10000p,200000b,80000s

Output written on DNS_mesh_conv.pdf (1 page).
